{"C:\\Users\\SENA_Aprendiz\\Desktop\\LibniB\\proyecto-SENA-backend\\src\\index.js": {"path":"C:\\Users\\SENA_Aprendiz\\Desktop\\LibniB\\proyecto-SENA-backend\\src\\index.js","statementMap":{"0":{"start":{"line":10,"column":19},"end":{"line":10,"column":28}},"1":{"start":{"line":11,"column":0},"end":{"line":11,"column":9}},"2":{"start":{"line":12,"column":0},"end":{"line":12,"column":23}},"3":{"start":{"line":28,"column":13},"end":{"line":28,"column":37}},"4":{"start":{"line":30,"column":0},"end":{"line":30,"column":24}},"5":{"start":{"line":31,"column":0},"end":{"line":37,"column":4}},"6":{"start":{"line":38,"column":0},"end":{"line":38,"column":24}},"7":{"start":{"line":41,"column":0},"end":{"line":41,"column":28}},"8":{"start":{"line":42,"column":0},"end":{"line":42,"column":34}},"9":{"start":{"line":43,"column":0},"end":{"line":43,"column":35}},"10":{"start":{"line":44,"column":0},"end":{"line":44,"column":31}},"11":{"start":{"line":45,"column":0},"end":{"line":45,"column":29}},"12":{"start":{"line":46,"column":0},"end":{"line":46,"column":35}},"13":{"start":{"line":47,"column":0},"end":{"line":47,"column":29}},"14":{"start":{"line":48,"column":0},"end":{"line":48,"column":28}},"15":{"start":{"line":49,"column":0},"end":{"line":49,"column":31}},"16":{"start":{"line":52,"column":19},"end":{"line":52,"column":49}},"17":{"start":{"line":53,"column":18},"end":{"line":53,"column":42}},"18":{"start":{"line":54,"column":0},"end":{"line":54,"column":64}},"19":{"start":{"line":57,"column":22},"end":{"line":57,"column":107}},"20":{"start":{"line":57,"column":45},"end":{"line":57,"column":106}},"21":{"start":{"line":58,"column":0},"end":{"line":58,"column":18}}},"fnMap":{"0":{"name":"(anonymous_0)","decl":{"start":{"line":57,"column":39},"end":{"line":57,"column":40}},"loc":{"start":{"line":57,"column":45},"end":{"line":57,"column":106}},"line":57}},"branchMap":{"0":{"loc":{"start":{"line":28,"column":13},"end":{"line":28,"column":37}},"type":"binary-expr","locations":[{"start":{"line":28,"column":13},"end":{"line":28,"column":29}},{"start":{"line":28,"column":33},"end":{"line":28,"column":37}}],"line":28}},"s":{"0":1,"1":1,"2":1,"3":1,"4":1,"5":1,"6":1,"7":1,"8":1,"9":1,"10":1,"11":1,"12":1,"13":1,"14":1,"15":1,"16":1,"17":1,"18":1,"19":1,"20":1,"21":1},"f":{"0":1},"b":{"0":[1,0]},"_coverageSchema":"1a1c01bbd47fc00a2c39e90264f33305004495a9","hash":"0d563ad8ed2f7491f2f2e08df3d8eda7771b5ecf"}
,"C:\\Users\\SENA_Aprendiz\\Desktop\\LibniB\\proyecto-SENA-backend\\src\\DB\\mongoDB.js": {"path":"C:\\Users\\SENA_Aprendiz\\Desktop\\LibniB\\proyecto-SENA-backend\\src\\DB\\mongoDB.js","statementMap":{"0":{"start":{"line":4,"column":31},"end":{"line":12,"column":1}},"1":{"start":{"line":5,"column":4},"end":{"line":11,"column":5}},"2":{"start":{"line":6,"column":8},"end":{"line":6,"column":56}},"3":{"start":{"line":7,"column":8},"end":{"line":7,"column":44}},"4":{"start":{"line":10,"column":8},"end":{"line":10,"column":57}}},"fnMap":{"0":{"name":"(anonymous_0)","decl":{"start":{"line":4,"column":31},"end":{"line":4,"column":32}},"loc":{"start":{"line":4,"column":42},"end":{"line":12,"column":1}},"line":4}},"branchMap":{},"s":{"0":1,"1":1,"2":1,"3":1,"4":0},"f":{"0":1},"b":{},"_coverageSchema":"1a1c01bbd47fc00a2c39e90264f33305004495a9","hash":"363f4df9dcfaeeea387b0c59537569152eafeca7"}
,"C:\\Users\\SENA_Aprendiz\\Desktop\\LibniB\\proyecto-SENA-backend\\src\\controller\\auth.controller.js": {"path":"C:\\Users\\SENA_Aprendiz\\Desktop\\LibniB\\proyecto-SENA-backend\\src\\controller\\auth.controller.js","statementMap":{"0":{"start":{"line":8,"column":19},"end":{"line":8,"column":41}},"1":{"start":{"line":10,"column":30},"end":{"line":77,"column":1}},"2":{"start":{"line":11,"column":4},"end":{"line":76,"column":7}},"3":{"start":{"line":12,"column":31},"end":{"line":12,"column":34}},"4":{"start":{"line":15,"column":8},"end":{"line":75,"column":9}},"5":{"start":{"line":16,"column":30},"end":{"line":16,"column":74}},"6":{"start":{"line":17,"column":33},"end":{"line":17,"column":83}},"7":{"start":{"line":18,"column":31},"end":{"line":18,"column":77}},"8":{"start":{"line":20,"column":12},"end":{"line":20,"column":117}},"9":{"start":{"line":20,"column":27},"end":{"line":20,"column":117}},"10":{"start":{"line":21,"column":12},"end":{"line":21,"column":126}},"11":{"start":{"line":21,"column":30},"end":{"line":21,"column":126}},"12":{"start":{"line":22,"column":12},"end":{"line":22,"column":120}},"13":{"start":{"line":22,"column":28},"end":{"line":22,"column":120}},"14":{"start":{"line":25,"column":12},"end":{"line":44,"column":13}},"15":{"start":{"line":26,"column":33},"end":{"line":29,"column":17}},"16":{"start":{"line":31,"column":32},"end":{"line":31,"column":92}},"17":{"start":{"line":32,"column":16},"end":{"line":34,"column":17}},"18":{"start":{"line":33,"column":20},"end":{"line":33,"column":63}},"19":{"start":{"line":35,"column":16},"end":{"line":35,"column":39}},"20":{"start":{"line":37,"column":33},"end":{"line":40,"column":17}},"21":{"start":{"line":42,"column":34},"end":{"line":42,"column":64}},"22":{"start":{"line":43,"column":16},"end":{"line":43,"column":39}},"23":{"start":{"line":46,"column":29},"end":{"line":49,"column":13}},"24":{"start":{"line":51,"column":25},"end":{"line":51,"column":46}},"25":{"start":{"line":53,"column":25},"end":{"line":53,"column":49}},"26":{"start":{"line":54,"column":12},"end":{"line":54,"column":71}},"27":{"start":{"line":56,"column":12},"end":{"line":56,"column":30}},"28":{"start":{"line":58,"column":12},"end":{"line":68,"column":15}},"29":{"start":{"line":71,"column":12},"end":{"line":74,"column":15}},"30":{"start":{"line":79,"column":27},"end":{"line":120,"column":1}},"31":{"start":{"line":81,"column":32},"end":{"line":81,"column":40}},"32":{"start":{"line":83,"column":4},"end":{"line":119,"column":5}},"33":{"start":{"line":84,"column":26},"end":{"line":84,"column":75}},"34":{"start":{"line":85,"column":8},"end":{"line":85,"column":100}},"35":{"start":{"line":85,"column":23},"end":{"line":85,"column":100}},"36":{"start":{"line":87,"column":32},"end":{"line":87,"column":82}},"37":{"start":{"line":88,"column":8},"end":{"line":88,"column":114}},"38":{"start":{"line":88,"column":38},"end":{"line":88,"column":114}},"39":{"start":{"line":90,"column":21},"end":{"line":101,"column":9}},"40":{"start":{"line":103,"column":22},"end":{"line":103,"column":85}},"41":{"start":{"line":105,"column":8},"end":{"line":109,"column":11}},"42":{"start":{"line":110,"column":8},"end":{"line":110,"column":44}},"43":{"start":{"line":114,"column":8},"end":{"line":117,"column":11}},"44":{"start":{"line":122,"column":30},"end":{"line":147,"column":1}},"45":{"start":{"line":124,"column":22},"end":{"line":124,"column":33}},"46":{"start":{"line":126,"column":4},"end":{"line":145,"column":5}},"47":{"start":{"line":128,"column":8},"end":{"line":128,"column":78}},"48":{"start":{"line":128,"column":19},"end":{"line":128,"column":78}},"49":{"start":{"line":130,"column":8},"end":{"line":138,"column":11}},"50":{"start":{"line":131,"column":12},"end":{"line":131,"column":63}},"51":{"start":{"line":131,"column":20},"end":{"line":131,"column":63}},"52":{"start":{"line":133,"column":30},"end":{"line":133,"column":67}},"53":{"start":{"line":134,"column":12},"end":{"line":134,"column":93}},"54":{"start":{"line":134,"column":28},"end":{"line":134,"column":93}},"55":{"start":{"line":136,"column":12},"end":{"line":136,"column":51}},"56":{"start":{"line":141,"column":8},"end":{"line":144,"column":11}},"57":{"start":{"line":149,"column":29},"end":{"line":165,"column":1}},"58":{"start":{"line":151,"column":4},"end":{"line":163,"column":5}},"59":{"start":{"line":153,"column":8},"end":{"line":155,"column":11}},"60":{"start":{"line":156,"column":8},"end":{"line":156,"column":72}},"61":{"start":{"line":159,"column":8},"end":{"line":162,"column":11}}},"fnMap":{"0":{"name":"(anonymous_0)","decl":{"start":{"line":10,"column":30},"end":{"line":10,"column":31}},"loc":{"start":{"line":10,"column":50},"end":{"line":77,"column":1}},"line":10},"1":{"name":"(anonymous_1)","decl":{"start":{"line":11,"column":46},"end":{"line":11,"column":47}},"loc":{"start":{"line":11,"column":58},"end":{"line":76,"column":5}},"line":11},"2":{"name":"(anonymous_2)","decl":{"start":{"line":79,"column":27},"end":{"line":79,"column":28}},"loc":{"start":{"line":79,"column":47},"end":{"line":120,"column":1}},"line":79},"3":{"name":"(anonymous_3)","decl":{"start":{"line":122,"column":30},"end":{"line":122,"column":31}},"loc":{"start":{"line":122,"column":50},"end":{"line":147,"column":1}},"line":122},"4":{"name":"(anonymous_4)","decl":{"start":{"line":130,"column":52},"end":{"line":130,"column":53}},"loc":{"start":{"line":130,"column":73},"end":{"line":138,"column":9}},"line":130},"5":{"name":"(anonymous_5)","decl":{"start":{"line":149,"column":29},"end":{"line":149,"column":30}},"loc":{"start":{"line":149,"column":43},"end":{"line":165,"column":1}},"line":149}},"branchMap":{"0":{"loc":{"start":{"line":20,"column":12},"end":{"line":20,"column":117}},"type":"if","locations":[{"start":{"line":20,"column":12},"end":{"line":20,"column":117}},{"start":{},"end":{}}],"line":20},"1":{"loc":{"start":{"line":21,"column":12},"end":{"line":21,"column":126}},"type":"if","locations":[{"start":{"line":21,"column":12},"end":{"line":21,"column":126}},{"start":{},"end":{}}],"line":21},"2":{"loc":{"start":{"line":22,"column":12},"end":{"line":22,"column":120}},"type":"if","locations":[{"start":{"line":22,"column":12},"end":{"line":22,"column":120}},{"start":{},"end":{}}],"line":22},"3":{"loc":{"start":{"line":25,"column":12},"end":{"line":44,"column":13}},"type":"if","locations":[{"start":{"line":25,"column":12},"end":{"line":44,"column":13}},{"start":{"line":36,"column":19},"end":{"line":44,"column":13}}],"line":25},"4":{"loc":{"start":{"line":32,"column":16},"end":{"line":34,"column":17}},"type":"if","locations":[{"start":{"line":32,"column":16},"end":{"line":34,"column":17}},{"start":{},"end":{}}],"line":32},"5":{"loc":{"start":{"line":85,"column":8},"end":{"line":85,"column":100}},"type":"if","locations":[{"start":{"line":85,"column":8},"end":{"line":85,"column":100}},{"start":{},"end":{}}],"line":85},"6":{"loc":{"start":{"line":88,"column":8},"end":{"line":88,"column":114}},"type":"if","locations":[{"start":{"line":88,"column":8},"end":{"line":88,"column":114}},{"start":{},"end":{}}],"line":88},"7":{"loc":{"start":{"line":128,"column":8},"end":{"line":128,"column":78}},"type":"if","locations":[{"start":{"line":128,"column":8},"end":{"line":128,"column":78}},{"start":{},"end":{}}],"line":128},"8":{"loc":{"start":{"line":131,"column":12},"end":{"line":131,"column":63}},"type":"if","locations":[{"start":{"line":131,"column":12},"end":{"line":131,"column":63}},{"start":{},"end":{}}],"line":131},"9":{"loc":{"start":{"line":134,"column":12},"end":{"line":134,"column":93}},"type":"if","locations":[{"start":{"line":134,"column":12},"end":{"line":134,"column":93}},{"start":{},"end":{}}],"line":134}},"s":{"0":1,"1":1,"2":0,"3":0,"4":0,"5":0,"6":0,"7":0,"8":0,"9":0,"10":0,"11":0,"12":0,"13":0,"14":0,"15":0,"16":0,"17":0,"18":0,"19":0,"20":0,"21":0,"22":0,"23":0,"24":0,"25":0,"26":0,"27":0,"28":0,"29":0,"30":1,"31":0,"32":0,"33":0,"34":0,"35":0,"36":0,"37":0,"38":0,"39":0,"40":0,"41":0,"42":0,"43":0,"44":1,"45":0,"46":0,"47":0,"48":0,"49":0,"50":0,"51":0,"52":0,"53":0,"54":0,"55":0,"56":0,"57":1,"58":0,"59":0,"60":0,"61":0},"f":{"0":0,"1":0,"2":0,"3":0,"4":0,"5":0},"b":{"0":[0,0],"1":[0,0],"2":[0,0],"3":[0,0],"4":[0,0],"5":[0,0],"6":[0,0],"7":[0,0],"8":[0,0],"9":[0,0]},"_coverageSchema":"1a1c01bbd47fc00a2c39e90264f33305004495a9","hash":"bcd682c9e1adc4c69a5ec9c9b856250a336af2fc"}
,"C:\\Users\\SENA_Aprendiz\\Desktop\\LibniB\\proyecto-SENA-backend\\src\\controller\\datos.controller.js": {"path":"C:\\Users\\SENA_Aprendiz\\Desktop\\LibniB\\proyecto-SENA-backend\\src\\controller\\datos.controller.js","statementMap":{"0":{"start":{"line":3,"column":27},"end":{"line":28,"column":1}},"1":{"start":{"line":12,"column":6},"end":{"line":12,"column":14}},"2":{"start":{"line":13,"column":4},"end":{"line":27,"column":5}},"3":{"start":{"line":14,"column":24},"end":{"line":22,"column":8}},"4":{"start":{"line":23,"column":24},"end":{"line":23,"column":46}},"5":{"start":{"line":24,"column":6},"end":{"line":24,"column":88}},"6":{"start":{"line":26,"column":6},"end":{"line":26,"column":86}},"7":{"start":{"line":30,"column":27},"end":{"line":37,"column":1}},"8":{"start":{"line":31,"column":4},"end":{"line":36,"column":5}},"9":{"start":{"line":32,"column":20},"end":{"line":32,"column":38}},"10":{"start":{"line":33,"column":6},"end":{"line":33,"column":22}},"11":{"start":{"line":35,"column":6},"end":{"line":35,"column":43}},"12":{"start":{"line":39,"column":28},"end":{"line":46,"column":1}},"13":{"start":{"line":40,"column":4},"end":{"line":45,"column":5}},"14":{"start":{"line":41,"column":20},"end":{"line":41,"column":38}},"15":{"start":{"line":42,"column":6},"end":{"line":42,"column":22}},"16":{"start":{"line":44,"column":6},"end":{"line":44,"column":43}},"17":{"start":{"line":48,"column":27},"end":{"line":54,"column":1}},"18":{"start":{"line":49,"column":19},"end":{"line":49,"column":29}},"19":{"start":{"line":50,"column":4},"end":{"line":53,"column":52}},"20":{"start":{"line":52,"column":20},"end":{"line":52,"column":34}},"21":{"start":{"line":53,"column":22},"end":{"line":53,"column":50}},"22":{"start":{"line":56,"column":27},"end":{"line":62,"column":1}},"23":{"start":{"line":57,"column":19},"end":{"line":57,"column":29}},"24":{"start":{"line":58,"column":4},"end":{"line":61,"column":52}},"25":{"start":{"line":60,"column":20},"end":{"line":60,"column":34}},"26":{"start":{"line":61,"column":22},"end":{"line":61,"column":50}}},"fnMap":{"0":{"name":"(anonymous_0)","decl":{"start":{"line":3,"column":27},"end":{"line":3,"column":28}},"loc":{"start":{"line":3,"column":47},"end":{"line":28,"column":1}},"line":3},"1":{"name":"(anonymous_1)","decl":{"start":{"line":30,"column":27},"end":{"line":30,"column":28}},"loc":{"start":{"line":30,"column":47},"end":{"line":37,"column":1}},"line":30},"2":{"name":"(anonymous_2)","decl":{"start":{"line":39,"column":28},"end":{"line":39,"column":29}},"loc":{"start":{"line":39,"column":48},"end":{"line":46,"column":1}},"line":39},"3":{"name":"(anonymous_3)","decl":{"start":{"line":48,"column":27},"end":{"line":48,"column":28}},"loc":{"start":{"line":48,"column":41},"end":{"line":54,"column":1}},"line":48},"4":{"name":"(anonymous_4)","decl":{"start":{"line":52,"column":10},"end":{"line":52,"column":11}},"loc":{"start":{"line":52,"column":20},"end":{"line":52,"column":34}},"line":52},"5":{"name":"(anonymous_5)","decl":{"start":{"line":53,"column":11},"end":{"line":53,"column":12}},"loc":{"start":{"line":53,"column":22},"end":{"line":53,"column":50}},"line":53},"6":{"name":"(anonymous_6)","decl":{"start":{"line":56,"column":27},"end":{"line":56,"column":28}},"loc":{"start":{"line":56,"column":41},"end":{"line":62,"column":1}},"line":56},"7":{"name":"(anonymous_7)","decl":{"start":{"line":60,"column":10},"end":{"line":60,"column":11}},"loc":{"start":{"line":60,"column":20},"end":{"line":60,"column":34}},"line":60},"8":{"name":"(anonymous_8)","decl":{"start":{"line":61,"column":11},"end":{"line":61,"column":12}},"loc":{"start":{"line":61,"column":22},"end":{"line":61,"column":50}},"line":61}},"branchMap":{},"s":{"0":1,"1":0,"2":0,"3":0,"4":0,"5":0,"6":0,"7":1,"8":0,"9":0,"10":0,"11":0,"12":1,"13":0,"14":0,"15":0,"16":0,"17":1,"18":0,"19":0,"20":0,"21":0,"22":1,"23":0,"24":0,"25":0,"26":0},"f":{"0":0,"1":0,"2":0,"3":0,"4":0,"5":0,"6":0,"7":0,"8":0},"b":{},"_coverageSchema":"1a1c01bbd47fc00a2c39e90264f33305004495a9","hash":"5f178cc91066b6d45ad18d0e8aaff40c4937d50c"}
,"C:\\Users\\SENA_Aprendiz\\Desktop\\LibniB\\proyecto-SENA-backend\\src\\controller\\loteCafe.controller.js": {"path":"C:\\Users\\SENA_Aprendiz\\Desktop\\LibniB\\proyecto-SENA-backend\\src\\controller\\loteCafe.controller.js","statementMap":{"0":{"start":{"line":6,"column":31},"end":{"line":30,"column":1}},"1":{"start":{"line":7,"column":55},"end":{"line":7,"column":63}},"2":{"start":{"line":9,"column":4},"end":{"line":29,"column":5}},"3":{"start":{"line":11,"column":24},"end":{"line":11,"column":57}},"4":{"start":{"line":12,"column":29},"end":{"line":12,"column":70}},"5":{"start":{"line":13,"column":27},"end":{"line":13,"column":62}},"6":{"start":{"line":15,"column":8},"end":{"line":15,"column":106}},"7":{"start":{"line":15,"column":21},"end":{"line":15,"column":106}},"8":{"start":{"line":16,"column":8},"end":{"line":16,"column":123}},"9":{"start":{"line":16,"column":26},"end":{"line":16,"column":123}},"10":{"start":{"line":17,"column":8},"end":{"line":17,"column":111}},"11":{"start":{"line":17,"column":24},"end":{"line":17,"column":111}},"12":{"start":{"line":19,"column":8},"end":{"line":19,"column":123}},"13":{"start":{"line":19,"column":48},"end":{"line":19,"column":123}},"14":{"start":{"line":21,"column":25},"end":{"line":21,"column":87}},"15":{"start":{"line":22,"column":8},"end":{"line":22,"column":89}},"16":{"start":{"line":25,"column":8},"end":{"line":28,"column":10}},"17":{"start":{"line":32,"column":30},"end":{"line":51,"column":1}},"18":{"start":{"line":33,"column":4},"end":{"line":50,"column":5}},"19":{"start":{"line":35,"column":26},"end":{"line":41,"column":10}},"20":{"start":{"line":43,"column":8},"end":{"line":43,"column":88}},"21":{"start":{"line":46,"column":8},"end":{"line":49,"column":11}},"22":{"start":{"line":53,"column":31},"end":{"line":77,"column":1}},"23":{"start":{"line":55,"column":19},"end":{"line":55,"column":29}},"24":{"start":{"line":57,"column":4},"end":{"line":76,"column":5}},"25":{"start":{"line":59,"column":25},"end":{"line":65,"column":14}},"26":{"start":{"line":67,"column":8},"end":{"line":67,"column":107}},"27":{"start":{"line":67,"column":22},"end":{"line":67,"column":107}},"28":{"start":{"line":69,"column":8},"end":{"line":69,"column":92}},"29":{"start":{"line":72,"column":8},"end":{"line":75,"column":11}},"30":{"start":{"line":79,"column":34},"end":{"line":115,"column":1}},"31":{"start":{"line":81,"column":19},"end":{"line":81,"column":29}},"32":{"start":{"line":82,"column":55},"end":{"line":82,"column":63}},"33":{"start":{"line":84,"column":4},"end":{"line":114,"column":5}},"34":{"start":{"line":86,"column":32},"end":{"line":86,"column":78}},"35":{"start":{"line":87,"column":8},"end":{"line":87,"column":114}},"36":{"start":{"line":87,"column":29},"end":{"line":87,"column":114}},"37":{"start":{"line":89,"column":31},"end":{"line":89,"column":64}},"38":{"start":{"line":90,"column":33},"end":{"line":90,"column":74}},"39":{"start":{"line":91,"column":30},"end":{"line":91,"column":65}},"40":{"start":{"line":93,"column":8},"end":{"line":93,"column":96}},"41":{"start":{"line":93,"column":28},"end":{"line":93,"column":96}},"42":{"start":{"line":94,"column":8},"end":{"line":94,"column":104}},"43":{"start":{"line":94,"column":30},"end":{"line":94,"column":104}},"44":{"start":{"line":95,"column":8},"end":{"line":95,"column":104}},"45":{"start":{"line":95,"column":27},"end":{"line":95,"column":104}},"46":{"start":{"line":97,"column":8},"end":{"line":97,"column":130}},"47":{"start":{"line":97,"column":55},"end":{"line":97,"column":130}},"48":{"start":{"line":99,"column":28},"end":{"line":105,"column":14}},"49":{"start":{"line":107,"column":8},"end":{"line":107,"column":98}},"50":{"start":{"line":110,"column":8},"end":{"line":113,"column":11}},"51":{"start":{"line":117,"column":34},"end":{"line":140,"column":1}},"52":{"start":{"line":118,"column":19},"end":{"line":118,"column":29}},"53":{"start":{"line":120,"column":4},"end":{"line":139,"column":5}},"54":{"start":{"line":122,"column":32},"end":{"line":122,"column":56}},"55":{"start":{"line":123,"column":8},"end":{"line":123,"column":114}},"56":{"start":{"line":123,"column":29},"end":{"line":123,"column":114}},"57":{"start":{"line":125,"column":28},"end":{"line":131,"column":14}},"58":{"start":{"line":132,"column":8},"end":{"line":132,"column":95}},"59":{"start":{"line":135,"column":8},"end":{"line":138,"column":11}}},"fnMap":{"0":{"name":"(anonymous_0)","decl":{"start":{"line":6,"column":31},"end":{"line":6,"column":32}},"loc":{"start":{"line":6,"column":49},"end":{"line":30,"column":1}},"line":6},"1":{"name":"(anonymous_1)","decl":{"start":{"line":32,"column":30},"end":{"line":32,"column":31}},"loc":{"start":{"line":32,"column":50},"end":{"line":51,"column":1}},"line":32},"2":{"name":"(anonymous_2)","decl":{"start":{"line":53,"column":31},"end":{"line":53,"column":32}},"loc":{"start":{"line":53,"column":51},"end":{"line":77,"column":1}},"line":53},"3":{"name":"(anonymous_3)","decl":{"start":{"line":79,"column":34},"end":{"line":79,"column":35}},"loc":{"start":{"line":79,"column":54},"end":{"line":115,"column":1}},"line":79},"4":{"name":"(anonymous_4)","decl":{"start":{"line":117,"column":34},"end":{"line":117,"column":35}},"loc":{"start":{"line":117,"column":54},"end":{"line":140,"column":1}},"line":117}},"branchMap":{"0":{"loc":{"start":{"line":15,"column":8},"end":{"line":15,"column":106}},"type":"if","locations":[{"start":{"line":15,"column":8},"end":{"line":15,"column":106}},{"start":{},"end":{}}],"line":15},"1":{"loc":{"start":{"line":16,"column":8},"end":{"line":16,"column":123}},"type":"if","locations":[{"start":{"line":16,"column":8},"end":{"line":16,"column":123}},{"start":{},"end":{}}],"line":16},"2":{"loc":{"start":{"line":17,"column":8},"end":{"line":17,"column":111}},"type":"if","locations":[{"start":{"line":17,"column":8},"end":{"line":17,"column":111}},{"start":{},"end":{}}],"line":17},"3":{"loc":{"start":{"line":19,"column":8},"end":{"line":19,"column":123}},"type":"if","locations":[{"start":{"line":19,"column":8},"end":{"line":19,"column":123}},{"start":{},"end":{}}],"line":19},"4":{"loc":{"start":{"line":67,"column":8},"end":{"line":67,"column":107}},"type":"if","locations":[{"start":{"line":67,"column":8},"end":{"line":67,"column":107}},{"start":{},"end":{}}],"line":67},"5":{"loc":{"start":{"line":87,"column":8},"end":{"line":87,"column":114}},"type":"if","locations":[{"start":{"line":87,"column":8},"end":{"line":87,"column":114}},{"start":{},"end":{}}],"line":87},"6":{"loc":{"start":{"line":93,"column":8},"end":{"line":93,"column":96}},"type":"if","locations":[{"start":{"line":93,"column":8},"end":{"line":93,"column":96}},{"start":{},"end":{}}],"line":93},"7":{"loc":{"start":{"line":94,"column":8},"end":{"line":94,"column":104}},"type":"if","locations":[{"start":{"line":94,"column":8},"end":{"line":94,"column":104}},{"start":{},"end":{}}],"line":94},"8":{"loc":{"start":{"line":95,"column":8},"end":{"line":95,"column":104}},"type":"if","locations":[{"start":{"line":95,"column":8},"end":{"line":95,"column":104}},{"start":{},"end":{}}],"line":95},"9":{"loc":{"start":{"line":97,"column":8},"end":{"line":97,"column":130}},"type":"if","locations":[{"start":{"line":97,"column":8},"end":{"line":97,"column":130}},{"start":{},"end":{}}],"line":97},"10":{"loc":{"start":{"line":123,"column":8},"end":{"line":123,"column":114}},"type":"if","locations":[{"start":{"line":123,"column":8},"end":{"line":123,"column":114}},{"start":{},"end":{}}],"line":123}},"s":{"0":1,"1":0,"2":0,"3":0,"4":0,"5":0,"6":0,"7":0,"8":0,"9":0,"10":0,"11":0,"12":0,"13":0,"14":0,"15":0,"16":0,"17":1,"18":0,"19":0,"20":0,"21":0,"22":1,"23":0,"24":0,"25":0,"26":0,"27":0,"28":0,"29":0,"30":1,"31":0,"32":0,"33":0,"34":0,"35":0,"36":0,"37":0,"38":0,"39":0,"40":0,"41":0,"42":0,"43":0,"44":0,"45":0,"46":0,"47":0,"48":0,"49":0,"50":0,"51":1,"52":0,"53":0,"54":0,"55":0,"56":0,"57":0,"58":0,"59":0},"f":{"0":0,"1":0,"2":0,"3":0,"4":0},"b":{"0":[0,0],"1":[0,0],"2":[0,0],"3":[0,0],"4":[0,0],"5":[0,0],"6":[0,0],"7":[0,0],"8":[0,0],"9":[0,0],"10":[0,0]},"_coverageSchema":"1a1c01bbd47fc00a2c39e90264f33305004495a9","hash":"ab00cabdf7265a8c85b2d55880334e8f98c7cdce"}
,"C:\\Users\\SENA_Aprendiz\\Desktop\\LibniB\\proyecto-SENA-backend\\src\\controller\\maquina.controller.js": {"path":"C:\\Users\\SENA_Aprendiz\\Desktop\\LibniB\\proyecto-SENA-backend\\src\\controller\\maquina.controller.js","statementMap":{"0":{"start":{"line":3,"column":29},"end":{"line":25,"column":1}},"1":{"start":{"line":5,"column":4},"end":{"line":24,"column":5}},"2":{"start":{"line":7,"column":26},"end":{"line":7,"column":48}},"3":{"start":{"line":9,"column":28},"end":{"line":13,"column":7}},"4":{"start":{"line":15,"column":22},"end":{"line":15,"column":57}},"5":{"start":{"line":17,"column":6},"end":{"line":17,"column":81}},"6":{"start":{"line":20,"column":6},"end":{"line":23,"column":9}},"7":{"start":{"line":27,"column":30},"end":{"line":42,"column":1}},"8":{"start":{"line":28,"column":4},"end":{"line":41,"column":5}},"9":{"start":{"line":30,"column":23},"end":{"line":30,"column":43}},"10":{"start":{"line":31,"column":6},"end":{"line":34,"column":9}},"11":{"start":{"line":37,"column":6},"end":{"line":40,"column":9}},"12":{"start":{"line":44,"column":30},"end":{"line":64,"column":1}},"13":{"start":{"line":46,"column":17},"end":{"line":46,"column":27}},"14":{"start":{"line":48,"column":2},"end":{"line":63,"column":3}},"15":{"start":{"line":50,"column":25},"end":{"line":50,"column":51}},"16":{"start":{"line":51,"column":4},"end":{"line":51,"column":99}},"17":{"start":{"line":51,"column":22},"end":{"line":51,"column":99}},"18":{"start":{"line":53,"column":20},"end":{"line":53,"column":46}},"19":{"start":{"line":54,"column":4},"end":{"line":57,"column":7}},"20":{"start":{"line":60,"column":4},"end":{"line":62,"column":6}},"21":{"start":{"line":66,"column":33},"end":{"line":88,"column":1}},"22":{"start":{"line":67,"column":17},"end":{"line":67,"column":27}},"23":{"start":{"line":68,"column":21},"end":{"line":68,"column":29}},"24":{"start":{"line":70,"column":2},"end":{"line":87,"column":3}},"25":{"start":{"line":72,"column":25},"end":{"line":72,"column":51}},"26":{"start":{"line":73,"column":4},"end":{"line":73,"column":102}},"27":{"start":{"line":73,"column":22},"end":{"line":73,"column":102}},"28":{"start":{"line":75,"column":27},"end":{"line":75,"column":89}},"29":{"start":{"line":77,"column":4},"end":{"line":80,"column":7}},"30":{"start":{"line":83,"column":4},"end":{"line":86,"column":7}},"31":{"start":{"line":90,"column":33},"end":{"line":109,"column":1}},"32":{"start":{"line":92,"column":17},"end":{"line":92,"column":27}},"33":{"start":{"line":94,"column":2},"end":{"line":107,"column":3}},"34":{"start":{"line":96,"column":25},"end":{"line":96,"column":51}},"35":{"start":{"line":97,"column":4},"end":{"line":97,"column":103}},"36":{"start":{"line":97,"column":23},"end":{"line":97,"column":103}},"37":{"start":{"line":99,"column":27},"end":{"line":99,"column":62}},"38":{"start":{"line":100,"column":4},"end":{"line":100,"column":90}},"39":{"start":{"line":103,"column":4},"end":{"line":106,"column":7}}},"fnMap":{"0":{"name":"(anonymous_0)","decl":{"start":{"line":3,"column":29},"end":{"line":3,"column":30}},"loc":{"start":{"line":3,"column":48},"end":{"line":25,"column":1}},"line":3},"1":{"name":"(anonymous_1)","decl":{"start":{"line":27,"column":30},"end":{"line":27,"column":31}},"loc":{"start":{"line":27,"column":49},"end":{"line":42,"column":1}},"line":27},"2":{"name":"(anonymous_2)","decl":{"start":{"line":44,"column":30},"end":{"line":44,"column":31}},"loc":{"start":{"line":44,"column":49},"end":{"line":64,"column":1}},"line":44},"3":{"name":"(anonymous_3)","decl":{"start":{"line":66,"column":33},"end":{"line":66,"column":34}},"loc":{"start":{"line":66,"column":52},"end":{"line":88,"column":1}},"line":66},"4":{"name":"(anonymous_4)","decl":{"start":{"line":90,"column":33},"end":{"line":90,"column":34}},"loc":{"start":{"line":90,"column":52},"end":{"line":109,"column":1}},"line":90}},"branchMap":{"0":{"loc":{"start":{"line":10,"column":12},"end":{"line":10,"column":97}},"type":"cond-expr","locations":[{"start":{"line":10,"column":37},"end":{"line":10,"column":66}},{"start":{"line":10,"column":69},"end":{"line":10,"column":97}}],"line":10},"1":{"loc":{"start":{"line":51,"column":4},"end":{"line":51,"column":99}},"type":"if","locations":[{"start":{"line":51,"column":4},"end":{"line":51,"column":99}},{"start":{},"end":{}}],"line":51},"2":{"loc":{"start":{"line":73,"column":4},"end":{"line":73,"column":102}},"type":"if","locations":[{"start":{"line":73,"column":4},"end":{"line":73,"column":102}},{"start":{},"end":{}}],"line":73},"3":{"loc":{"start":{"line":97,"column":4},"end":{"line":97,"column":103}},"type":"if","locations":[{"start":{"line":97,"column":4},"end":{"line":97,"column":103}},{"start":{},"end":{}}],"line":97}},"s":{"0":1,"1":0,"2":0,"3":0,"4":0,"5":0,"6":0,"7":1,"8":0,"9":0,"10":0,"11":0,"12":1,"13":0,"14":0,"15":0,"16":0,"17":0,"18":0,"19":0,"20":0,"21":1,"22":0,"23":0,"24":0,"25":0,"26":0,"27":0,"28":0,"29":0,"30":0,"31":1,"32":0,"33":0,"34":0,"35":0,"36":0,"37":0,"38":0,"39":0},"f":{"0":0,"1":0,"2":0,"3":0,"4":0},"b":{"0":[0,0],"1":[0,0],"2":[0,0],"3":[0,0]},"_coverageSchema":"1a1c01bbd47fc00a2c39e90264f33305004495a9","hash":"44e086298c24ca8b52f028624f3027f0a983d538"}
,"C:\\Users\\SENA_Aprendiz\\Desktop\\LibniB\\proyecto-SENA-backend\\src\\controller\\seguimiento.controller.js": {"path":"C:\\Users\\SENA_Aprendiz\\Desktop\\LibniB\\proyecto-SENA-backend\\src\\controller\\seguimiento.controller.js","statementMap":{"0":{"start":{"line":6,"column":33},"end":{"line":34,"column":1}},"1":{"start":{"line":8,"column":44},"end":{"line":8,"column":52}},"2":{"start":{"line":10,"column":4},"end":{"line":33,"column":5}},"3":{"start":{"line":11,"column":25},"end":{"line":11,"column":56}},"4":{"start":{"line":12,"column":27},"end":{"line":12,"column":57}},"5":{"start":{"line":13,"column":25},"end":{"line":13,"column":57}},"6":{"start":{"line":15,"column":8},"end":{"line":15,"column":89}},"7":{"start":{"line":15,"column":23},"end":{"line":15,"column":89}},"8":{"start":{"line":16,"column":8},"end":{"line":16,"column":96}},"9":{"start":{"line":16,"column":25},"end":{"line":16,"column":96}},"10":{"start":{"line":17,"column":8},"end":{"line":17,"column":90}},"11":{"start":{"line":17,"column":23},"end":{"line":17,"column":90}},"12":{"start":{"line":19,"column":8},"end":{"line":19,"column":188}},"13":{"start":{"line":19,"column":93},"end":{"line":19,"column":188}},"14":{"start":{"line":21,"column":8},"end":{"line":21,"column":153}},"15":{"start":{"line":21,"column":43},"end":{"line":21,"column":153}},"16":{"start":{"line":23,"column":8},"end":{"line":23,"column":71}},"17":{"start":{"line":25,"column":28},"end":{"line":25,"column":62}},"18":{"start":{"line":26,"column":8},"end":{"line":26,"column":88}},"19":{"start":{"line":29,"column":8},"end":{"line":32,"column":11}},"20":{"start":{"line":36,"column":33},"end":{"line":55,"column":1}},"21":{"start":{"line":37,"column":4},"end":{"line":54,"column":5}},"22":{"start":{"line":39,"column":29},"end":{"line":45,"column":32}},"23":{"start":{"line":47,"column":8},"end":{"line":47,"column":95}},"24":{"start":{"line":50,"column":8},"end":{"line":53,"column":11}},"25":{"start":{"line":57,"column":34},"end":{"line":78,"column":1}},"26":{"start":{"line":59,"column":19},"end":{"line":59,"column":29}},"27":{"start":{"line":61,"column":4},"end":{"line":77,"column":5}},"28":{"start":{"line":63,"column":28},"end":{"line":69,"column":14}},"29":{"start":{"line":71,"column":8},"end":{"line":71,"column":109}},"30":{"start":{"line":71,"column":25},"end":{"line":71,"column":109}},"31":{"start":{"line":73,"column":8},"end":{"line":73,"column":95}},"32":{"start":{"line":76,"column":8},"end":{"line":76,"column":57}},"33":{"start":{"line":80,"column":37},"end":{"line":108,"column":1}},"34":{"start":{"line":82,"column":19},"end":{"line":82,"column":29}},"35":{"start":{"line":83,"column":44},"end":{"line":83,"column":52}},"36":{"start":{"line":85,"column":4},"end":{"line":107,"column":5}},"37":{"start":{"line":87,"column":28},"end":{"line":87,"column":58}},"38":{"start":{"line":88,"column":8},"end":{"line":88,"column":109}},"39":{"start":{"line":88,"column":25},"end":{"line":88,"column":109}},"40":{"start":{"line":90,"column":24},"end":{"line":90,"column":55}},"41":{"start":{"line":91,"column":27},"end":{"line":91,"column":57}},"42":{"start":{"line":92,"column":25},"end":{"line":92,"column":57}},"43":{"start":{"line":94,"column":8},"end":{"line":94,"column":106}},"44":{"start":{"line":94,"column":21},"end":{"line":94,"column":106}},"45":{"start":{"line":95,"column":8},"end":{"line":95,"column":111}},"46":{"start":{"line":95,"column":22},"end":{"line":95,"column":111}},"47":{"start":{"line":96,"column":8},"end":{"line":96,"column":109}},"48":{"start":{"line":96,"column":22},"end":{"line":96,"column":109}},"49":{"start":{"line":98,"column":35},"end":{"line":98,"column":121}},"50":{"start":{"line":100,"column":8},"end":{"line":100,"column":103}},"51":{"start":{"line":103,"column":8},"end":{"line":106,"column":11}},"52":{"start":{"line":110,"column":35},"end":{"line":130,"column":1}},"53":{"start":{"line":112,"column":19},"end":{"line":112,"column":29}},"54":{"start":{"line":114,"column":4},"end":{"line":129,"column":5}},"55":{"start":{"line":116,"column":28},"end":{"line":116,"column":58}},"56":{"start":{"line":117,"column":8},"end":{"line":117,"column":109}},"57":{"start":{"line":117,"column":25},"end":{"line":117,"column":109}},"58":{"start":{"line":119,"column":35},"end":{"line":119,"column":74}},"59":{"start":{"line":120,"column":8},"end":{"line":120,"column":92}},"60":{"start":{"line":122,"column":8},"end":{"line":122,"column":98}},"61":{"start":{"line":125,"column":8},"end":{"line":128,"column":11}},"62":{"start":{"line":133,"column":41},"end":{"line":186,"column":1}},"63":{"start":{"line":135,"column":26},"end":{"line":135,"column":36}},"64":{"start":{"line":137,"column":4},"end":{"line":184,"column":5}},"65":{"start":{"line":139,"column":29},"end":{"line":139,"column":62}},"66":{"start":{"line":140,"column":8},"end":{"line":140,"column":114}},"67":{"start":{"line":140,"column":27},"end":{"line":140,"column":114}},"68":{"start":{"line":142,"column":38},"end":{"line":167,"column":30}},"69":{"start":{"line":169,"column":8},"end":{"line":169,"column":149}},"70":{"start":{"line":169,"column":47},"end":{"line":169,"column":149}},"71":{"start":{"line":171,"column":33},"end":{"line":171,"column":87}},"72":{"start":{"line":173,"column":8},"end":{"line":176,"column":10}},"73":{"start":{"line":179,"column":8},"end":{"line":179,"column":27}},"74":{"start":{"line":180,"column":8},"end":{"line":183,"column":11}}},"fnMap":{"0":{"name":"(anonymous_0)","decl":{"start":{"line":6,"column":33},"end":{"line":6,"column":34}},"loc":{"start":{"line":6,"column":53},"end":{"line":34,"column":1}},"line":6},"1":{"name":"(anonymous_1)","decl":{"start":{"line":36,"column":33},"end":{"line":36,"column":34}},"loc":{"start":{"line":36,"column":53},"end":{"line":55,"column":1}},"line":36},"2":{"name":"(anonymous_2)","decl":{"start":{"line":57,"column":34},"end":{"line":57,"column":35}},"loc":{"start":{"line":57,"column":54},"end":{"line":78,"column":1}},"line":57},"3":{"name":"(anonymous_3)","decl":{"start":{"line":80,"column":37},"end":{"line":80,"column":38}},"loc":{"start":{"line":80,"column":57},"end":{"line":108,"column":1}},"line":80},"4":{"name":"(anonymous_4)","decl":{"start":{"line":110,"column":35},"end":{"line":110,"column":36}},"loc":{"start":{"line":110,"column":55},"end":{"line":130,"column":1}},"line":110},"5":{"name":"(anonymous_5)","decl":{"start":{"line":133,"column":41},"end":{"line":133,"column":42}},"loc":{"start":{"line":133,"column":59},"end":{"line":186,"column":1}},"line":133}},"branchMap":{"0":{"loc":{"start":{"line":15,"column":8},"end":{"line":15,"column":89}},"type":"if","locations":[{"start":{"line":15,"column":8},"end":{"line":15,"column":89}},{"start":{},"end":{}}],"line":15},"1":{"loc":{"start":{"line":16,"column":8},"end":{"line":16,"column":96}},"type":"if","locations":[{"start":{"line":16,"column":8},"end":{"line":16,"column":96}},{"start":{},"end":{}}],"line":16},"2":{"loc":{"start":{"line":17,"column":8},"end":{"line":17,"column":90}},"type":"if","locations":[{"start":{"line":17,"column":8},"end":{"line":17,"column":90}},{"start":{},"end":{}}],"line":17},"3":{"loc":{"start":{"line":19,"column":8},"end":{"line":19,"column":188}},"type":"if","locations":[{"start":{"line":19,"column":8},"end":{"line":19,"column":188}},{"start":{},"end":{}}],"line":19},"4":{"loc":{"start":{"line":19,"column":12},"end":{"line":19,"column":91}},"type":"binary-expr","locations":[{"start":{"line":19,"column":12},"end":{"line":19,"column":47}},{"start":{"line":19,"column":51},"end":{"line":19,"column":91}}],"line":19},"5":{"loc":{"start":{"line":21,"column":8},"end":{"line":21,"column":153}},"type":"if","locations":[{"start":{"line":21,"column":8},"end":{"line":21,"column":153}},{"start":{},"end":{}}],"line":21},"6":{"loc":{"start":{"line":71,"column":8},"end":{"line":71,"column":109}},"type":"if","locations":[{"start":{"line":71,"column":8},"end":{"line":71,"column":109}},{"start":{},"end":{}}],"line":71},"7":{"loc":{"start":{"line":88,"column":8},"end":{"line":88,"column":109}},"type":"if","locations":[{"start":{"line":88,"column":8},"end":{"line":88,"column":109}},{"start":{},"end":{}}],"line":88},"8":{"loc":{"start":{"line":94,"column":8},"end":{"line":94,"column":106}},"type":"if","locations":[{"start":{"line":94,"column":8},"end":{"line":94,"column":106}},{"start":{},"end":{}}],"line":94},"9":{"loc":{"start":{"line":95,"column":8},"end":{"line":95,"column":111}},"type":"if","locations":[{"start":{"line":95,"column":8},"end":{"line":95,"column":111}},{"start":{},"end":{}}],"line":95},"10":{"loc":{"start":{"line":96,"column":8},"end":{"line":96,"column":109}},"type":"if","locations":[{"start":{"line":96,"column":8},"end":{"line":96,"column":109}},{"start":{},"end":{}}],"line":96},"11":{"loc":{"start":{"line":117,"column":8},"end":{"line":117,"column":109}},"type":"if","locations":[{"start":{"line":117,"column":8},"end":{"line":117,"column":109}},{"start":{},"end":{}}],"line":117},"12":{"loc":{"start":{"line":140,"column":8},"end":{"line":140,"column":114}},"type":"if","locations":[{"start":{"line":140,"column":8},"end":{"line":140,"column":114}},{"start":{},"end":{}}],"line":140},"13":{"loc":{"start":{"line":169,"column":8},"end":{"line":169,"column":149}},"type":"if","locations":[{"start":{"line":169,"column":8},"end":{"line":169,"column":149}},{"start":{},"end":{}}],"line":169}},"s":{"0":1,"1":0,"2":0,"3":0,"4":0,"5":0,"6":0,"7":0,"8":0,"9":0,"10":0,"11":0,"12":0,"13":0,"14":0,"15":0,"16":0,"17":0,"18":0,"19":0,"20":1,"21":0,"22":0,"23":0,"24":0,"25":1,"26":0,"27":0,"28":0,"29":0,"30":0,"31":0,"32":0,"33":1,"34":0,"35":0,"36":0,"37":0,"38":0,"39":0,"40":0,"41":0,"42":0,"43":0,"44":0,"45":0,"46":0,"47":0,"48":0,"49":0,"50":0,"51":0,"52":1,"53":0,"54":0,"55":0,"56":0,"57":0,"58":0,"59":0,"60":0,"61":0,"62":1,"63":0,"64":0,"65":0,"66":0,"67":0,"68":0,"69":0,"70":0,"71":0,"72":0,"73":0,"74":0},"f":{"0":0,"1":0,"2":0,"3":0,"4":0,"5":0},"b":{"0":[0,0],"1":[0,0],"2":[0,0],"3":[0,0],"4":[0,0],"5":[0,0],"6":[0,0],"7":[0,0],"8":[0,0],"9":[0,0],"10":[0,0],"11":[0,0],"12":[0,0],"13":[0,0]},"_coverageSchema":"1a1c01bbd47fc00a2c39e90264f33305004495a9","hash":"d46ec4d37f0f482afe9471ef01d8e42cc0fe29a6"}
,"C:\\Users\\SENA_Aprendiz\\Desktop\\LibniB\\proyecto-SENA-backend\\src\\controller\\storage.js": {"path":"C:\\Users\\SENA_Aprendiz\\Desktop\\LibniB\\proyecto-SENA-backend\\src\\controller\\storage.js","statementMap":{"0":{"start":{"line":2,"column":19},"end":{"line":2,"column":41}},"1":{"start":{"line":6,"column":29},"end":{"line":25,"column":1}},"2":{"start":{"line":7,"column":27},"end":{"line":7,"column":30}},"3":{"start":{"line":10,"column":4},"end":{"line":12,"column":5}},"4":{"start":{"line":11,"column":8},"end":{"line":11,"column":69}},"5":{"start":{"line":14,"column":21},"end":{"line":17,"column":5}},"6":{"start":{"line":19,"column":4},"end":{"line":24,"column":5}},"7":{"start":{"line":20,"column":21},"end":{"line":20,"column":51}},"8":{"start":{"line":21,"column":8},"end":{"line":21,"column":79}},"9":{"start":{"line":23,"column":8},"end":{"line":23,"column":78}}},"fnMap":{"0":{"name":"(anonymous_0)","decl":{"start":{"line":6,"column":29},"end":{"line":6,"column":30}},"loc":{"start":{"line":6,"column":49},"end":{"line":25,"column":1}},"line":6}},"branchMap":{"0":{"loc":{"start":{"line":10,"column":4},"end":{"line":12,"column":5}},"type":"if","locations":[{"start":{"line":10,"column":4},"end":{"line":12,"column":5}},{"start":{},"end":{}}],"line":10}},"s":{"0":1,"1":1,"2":0,"3":0,"4":0,"5":0,"6":0,"7":0,"8":0,"9":0},"f":{"0":0},"b":{"0":[0,0]},"_coverageSchema":"1a1c01bbd47fc00a2c39e90264f33305004495a9","hash":"cc29d97e73f3a0d8868e5ed6fdefbd7ff64c0980"}
,"C:\\Users\\SENA_Aprendiz\\Desktop\\LibniB\\proyecto-SENA-backend\\src\\controller\\tipoProceso.controller.js": {"path":"C:\\Users\\SENA_Aprendiz\\Desktop\\LibniB\\proyecto-SENA-backend\\src\\controller\\tipoProceso.controller.js","statementMap":{"0":{"start":{"line":3,"column":33},"end":{"line":21,"column":3}},"1":{"start":{"line":5,"column":33},"end":{"line":5,"column":41}},"2":{"start":{"line":7,"column":6},"end":{"line":20,"column":7}},"3":{"start":{"line":8,"column":28},"end":{"line":8,"column":76}},"4":{"start":{"line":10,"column":8},"end":{"line":13,"column":11}},"5":{"start":{"line":16,"column":8},"end":{"line":19,"column":11}},"6":{"start":{"line":23,"column":34},"end":{"line":39,"column":3}},"7":{"start":{"line":25,"column":4},"end":{"line":38,"column":5}},"8":{"start":{"line":26,"column":28},"end":{"line":26,"column":56}},"9":{"start":{"line":28,"column":6},"end":{"line":31,"column":9}},"10":{"start":{"line":34,"column":6},"end":{"line":37,"column":9}},"11":{"start":{"line":41,"column":36},"end":{"line":64,"column":3}},"12":{"start":{"line":42,"column":4},"end":{"line":63,"column":5}},"13":{"start":{"line":43,"column":21},"end":{"line":43,"column":31}},"14":{"start":{"line":44,"column":26},"end":{"line":44,"column":58}},"15":{"start":{"line":47,"column":6},"end":{"line":51,"column":7}},"16":{"start":{"line":48,"column":8},"end":{"line":50,"column":11}},"17":{"start":{"line":53,"column":6},"end":{"line":56,"column":9}},"18":{"start":{"line":59,"column":6},"end":{"line":62,"column":9}},"19":{"start":{"line":66,"column":39},"end":{"line":94,"column":3}},"20":{"start":{"line":67,"column":4},"end":{"line":93,"column":5}},"21":{"start":{"line":68,"column":21},"end":{"line":68,"column":31}},"22":{"start":{"line":69,"column":37},"end":{"line":69,"column":45}},"23":{"start":{"line":72,"column":35},"end":{"line":72,"column":67}},"24":{"start":{"line":74,"column":6},"end":{"line":78,"column":7}},"25":{"start":{"line":75,"column":8},"end":{"line":77,"column":11}},"26":{"start":{"line":81,"column":33},"end":{"line":81,"column":109}},"27":{"start":{"line":83,"column":6},"end":{"line":86,"column":9}},"28":{"start":{"line":89,"column":6},"end":{"line":92,"column":9}},"29":{"start":{"line":96,"column":37},"end":{"line":123,"column":3}},"30":{"start":{"line":97,"column":4},"end":{"line":122,"column":7}},"31":{"start":{"line":98,"column":21},"end":{"line":98,"column":31}},"32":{"start":{"line":101,"column":35},"end":{"line":101,"column":67}},"33":{"start":{"line":103,"column":6},"end":{"line":107,"column":7}},"34":{"start":{"line":104,"column":8},"end":{"line":106,"column":11}},"35":{"start":{"line":110,"column":32},"end":{"line":110,"column":74}},"36":{"start":{"line":112,"column":6},"end":{"line":115,"column":9}},"37":{"start":{"line":118,"column":8},"end":{"line":121,"column":11}}},"fnMap":{"0":{"name":"(anonymous_0)","decl":{"start":{"line":3,"column":33},"end":{"line":3,"column":34}},"loc":{"start":{"line":3,"column":53},"end":{"line":21,"column":3}},"line":3},"1":{"name":"(anonymous_1)","decl":{"start":{"line":23,"column":34},"end":{"line":23,"column":35}},"loc":{"start":{"line":23,"column":54},"end":{"line":39,"column":3}},"line":23},"2":{"name":"(anonymous_2)","decl":{"start":{"line":41,"column":36},"end":{"line":41,"column":37}},"loc":{"start":{"line":41,"column":56},"end":{"line":64,"column":3}},"line":41},"3":{"name":"(anonymous_3)","decl":{"start":{"line":66,"column":39},"end":{"line":66,"column":40}},"loc":{"start":{"line":66,"column":59},"end":{"line":94,"column":3}},"line":66},"4":{"name":"(anonymous_4)","decl":{"start":{"line":96,"column":37},"end":{"line":96,"column":38}},"loc":{"start":{"line":96,"column":57},"end":{"line":123,"column":3}},"line":96}},"branchMap":{"0":{"loc":{"start":{"line":47,"column":6},"end":{"line":51,"column":7}},"type":"if","locations":[{"start":{"line":47,"column":6},"end":{"line":51,"column":7}},{"start":{},"end":{}}],"line":47},"1":{"loc":{"start":{"line":74,"column":6},"end":{"line":78,"column":7}},"type":"if","locations":[{"start":{"line":74,"column":6},"end":{"line":78,"column":7}},{"start":{},"end":{}}],"line":74},"2":{"loc":{"start":{"line":103,"column":6},"end":{"line":107,"column":7}},"type":"if","locations":[{"start":{"line":103,"column":6},"end":{"line":107,"column":7}},{"start":{},"end":{}}],"line":103}},"s":{"0":1,"1":0,"2":0,"3":0,"4":0,"5":0,"6":1,"7":0,"8":0,"9":0,"10":0,"11":1,"12":0,"13":0,"14":0,"15":0,"16":0,"17":0,"18":0,"19":1,"20":0,"21":0,"22":0,"23":0,"24":0,"25":0,"26":0,"27":0,"28":0,"29":1,"30":0,"31":0,"32":0,"33":0,"34":0,"35":0,"36":0,"37":0},"f":{"0":0,"1":0,"2":0,"3":0,"4":0},"b":{"0":[0,0],"1":[0,0],"2":[0,0]},"_coverageSchema":"1a1c01bbd47fc00a2c39e90264f33305004495a9","hash":"7ea236a9ecc9086b60b8f4f6c9251daa0ab86be9"}
,"C:\\Users\\SENA_Aprendiz\\Desktop\\LibniB\\proyecto-SENA-backend\\src\\controller\\usuarios.controller.js": {"path":"C:\\Users\\SENA_Aprendiz\\Desktop\\LibniB\\proyecto-SENA-backend\\src\\controller\\usuarios.controller.js","statementMap":{"0":{"start":{"line":7,"column":19},"end":{"line":7,"column":41}},"1":{"start":{"line":9,"column":30},"end":{"line":27,"column":1}},"2":{"start":{"line":11,"column":4},"end":{"line":25,"column":5}},"3":{"start":{"line":13,"column":22},"end":{"line":13,"column":81}},"4":{"start":{"line":15,"column":8},"end":{"line":18,"column":10}},"5":{"start":{"line":21,"column":8},"end":{"line":24,"column":11}},"6":{"start":{"line":29,"column":30},"end":{"line":44,"column":1}},"7":{"start":{"line":30,"column":19},"end":{"line":30,"column":29}},"8":{"start":{"line":31,"column":4},"end":{"line":43,"column":5}},"9":{"start":{"line":33,"column":21},"end":{"line":33,"column":64}},"10":{"start":{"line":35,"column":8},"end":{"line":37,"column":9}},"11":{"start":{"line":36,"column":12},"end":{"line":36,"column":78}},"12":{"start":{"line":39,"column":8},"end":{"line":39,"column":35}},"13":{"start":{"line":42,"column":8},"end":{"line":42,"column":57}},"14":{"start":{"line":46,"column":33},"end":{"line":94,"column":1}},"15":{"start":{"line":47,"column":19},"end":{"line":47,"column":29}},"16":{"start":{"line":48,"column":27},"end":{"line":48,"column":30}},"17":{"start":{"line":50,"column":19},"end":{"line":50,"column":30}},"18":{"start":{"line":52,"column":4},"end":{"line":93,"column":5}},"19":{"start":{"line":54,"column":30},"end":{"line":54,"column":73}},"20":{"start":{"line":56,"column":8},"end":{"line":58,"column":9}},"21":{"start":{"line":57,"column":12},"end":{"line":57,"column":78}},"22":{"start":{"line":60,"column":8},"end":{"line":85,"column":9}},"23":{"start":{"line":63,"column":12},"end":{"line":73,"column":13}},"24":{"start":{"line":64,"column":37},"end":{"line":64,"column":98}},"25":{"start":{"line":65,"column":16},"end":{"line":69,"column":19}},"26":{"start":{"line":66,"column":20},"end":{"line":68,"column":21}},"27":{"start":{"line":67,"column":24},"end":{"line":67,"column":84}},"28":{"start":{"line":72,"column":16},"end":{"line":72,"column":72}},"29":{"start":{"line":76,"column":29},"end":{"line":79,"column":13}},"30":{"start":{"line":81,"column":30},"end":{"line":81,"column":60}},"31":{"start":{"line":82,"column":12},"end":{"line":82,"column":42}},"32":{"start":{"line":88,"column":8},"end":{"line":88,"column":65}},"33":{"start":{"line":90,"column":8},"end":{"line":90,"column":88}},"34":{"start":{"line":92,"column":8},"end":{"line":92,"column":83}},"35":{"start":{"line":96,"column":29},"end":{"line":109,"column":1}},"36":{"start":{"line":97,"column":19},"end":{"line":97,"column":29}},"37":{"start":{"line":98,"column":4},"end":{"line":108,"column":5}},"38":{"start":{"line":99,"column":28},"end":{"line":99,"column":63}},"39":{"start":{"line":101,"column":8},"end":{"line":103,"column":9}},"40":{"start":{"line":102,"column":12},"end":{"line":102,"column":71}},"41":{"start":{"line":105,"column":8},"end":{"line":105,"column":77}},"42":{"start":{"line":107,"column":8},"end":{"line":107,"column":96}}},"fnMap":{"0":{"name":"(anonymous_0)","decl":{"start":{"line":9,"column":30},"end":{"line":9,"column":31}},"loc":{"start":{"line":9,"column":49},"end":{"line":27,"column":1}},"line":9},"1":{"name":"(anonymous_1)","decl":{"start":{"line":29,"column":30},"end":{"line":29,"column":31}},"loc":{"start":{"line":29,"column":48},"end":{"line":44,"column":1}},"line":29},"2":{"name":"(anonymous_2)","decl":{"start":{"line":46,"column":33},"end":{"line":46,"column":34}},"loc":{"start":{"line":46,"column":53},"end":{"line":94,"column":1}},"line":46},"3":{"name":"(anonymous_3)","decl":{"start":{"line":65,"column":40},"end":{"line":65,"column":41}},"loc":{"start":{"line":65,"column":49},"end":{"line":69,"column":17}},"line":65},"4":{"name":"(anonymous_4)","decl":{"start":{"line":96,"column":29},"end":{"line":96,"column":30}},"loc":{"start":{"line":96,"column":49},"end":{"line":109,"column":1}},"line":96}},"branchMap":{"0":{"loc":{"start":{"line":35,"column":8},"end":{"line":37,"column":9}},"type":"if","locations":[{"start":{"line":35,"column":8},"end":{"line":37,"column":9}},{"start":{},"end":{}}],"line":35},"1":{"loc":{"start":{"line":56,"column":8},"end":{"line":58,"column":9}},"type":"if","locations":[{"start":{"line":56,"column":8},"end":{"line":58,"column":9}},{"start":{},"end":{}}],"line":56},"2":{"loc":{"start":{"line":60,"column":8},"end":{"line":85,"column":9}},"type":"if","locations":[{"start":{"line":60,"column":8},"end":{"line":85,"column":9}},{"start":{},"end":{}}],"line":60},"3":{"loc":{"start":{"line":63,"column":12},"end":{"line":73,"column":13}},"type":"if","locations":[{"start":{"line":63,"column":12},"end":{"line":73,"column":13}},{"start":{},"end":{}}],"line":63},"4":{"loc":{"start":{"line":66,"column":20},"end":{"line":68,"column":21}},"type":"if","locations":[{"start":{"line":66,"column":20},"end":{"line":68,"column":21}},{"start":{},"end":{}}],"line":66},"5":{"loc":{"start":{"line":101,"column":8},"end":{"line":103,"column":9}},"type":"if","locations":[{"start":{"line":101,"column":8},"end":{"line":103,"column":9}},{"start":{},"end":{}}],"line":101}},"s":{"0":1,"1":1,"2":0,"3":0,"4":0,"5":0,"6":1,"7":0,"8":0,"9":0,"10":0,"11":0,"12":0,"13":0,"14":1,"15":0,"16":0,"17":0,"18":0,"19":0,"20":0,"21":0,"22":0,"23":0,"24":0,"25":0,"26":0,"27":0,"28":0,"29":0,"30":0,"31":0,"32":0,"33":0,"34":0,"35":1,"36":0,"37":0,"38":0,"39":0,"40":0,"41":0,"42":0},"f":{"0":0,"1":0,"2":0,"3":0,"4":0},"b":{"0":[0,0],"1":[0,0],"2":[0,0],"3":[0,0],"4":[0,0],"5":[0,0]},"_coverageSchema":"1a1c01bbd47fc00a2c39e90264f33305004495a9","hash":"3b565afe9516d0926769eca7b947b1118193c21e"}
,"C:\\Users\\SENA_Aprendiz\\Desktop\\LibniB\\proyecto-SENA-backend\\src\\controller\\variedad.controller.js": {"path":"C:\\Users\\SENA_Aprendiz\\Desktop\\LibniB\\proyecto-SENA-backend\\src\\controller\\variedad.controller.js","statementMap":{"0":{"start":{"line":3,"column":30},"end":{"line":21,"column":1}},"1":{"start":{"line":4,"column":4},"end":{"line":4,"column":47}},"2":{"start":{"line":5,"column":21},"end":{"line":5,"column":29}},"3":{"start":{"line":7,"column":6},"end":{"line":20,"column":7}},"4":{"start":{"line":8,"column":25},"end":{"line":8,"column":58}},"5":{"start":{"line":10,"column":8},"end":{"line":13,"column":11}},"6":{"start":{"line":16,"column":8},"end":{"line":19,"column":11}},"7":{"start":{"line":23,"column":30},"end":{"line":39,"column":1}},"8":{"start":{"line":25,"column":4},"end":{"line":38,"column":5}},"9":{"start":{"line":26,"column":25},"end":{"line":26,"column":48}},"10":{"start":{"line":28,"column":6},"end":{"line":31,"column":9}},"11":{"start":{"line":34,"column":6},"end":{"line":37,"column":9}},"12":{"start":{"line":41,"column":29},"end":{"line":64,"column":1}},"13":{"start":{"line":42,"column":4},"end":{"line":63,"column":5}},"14":{"start":{"line":43,"column":21},"end":{"line":43,"column":31}},"15":{"start":{"line":44,"column":23},"end":{"line":44,"column":52}},"16":{"start":{"line":47,"column":6},"end":{"line":51,"column":7}},"17":{"start":{"line":48,"column":8},"end":{"line":50,"column":11}},"18":{"start":{"line":53,"column":6},"end":{"line":56,"column":9}},"19":{"start":{"line":59,"column":6},"end":{"line":62,"column":9}},"20":{"start":{"line":66,"column":33},"end":{"line":94,"column":1}},"21":{"start":{"line":67,"column":4},"end":{"line":93,"column":5}},"22":{"start":{"line":68,"column":21},"end":{"line":68,"column":31}},"23":{"start":{"line":69,"column":25},"end":{"line":69,"column":33}},"24":{"start":{"line":72,"column":32},"end":{"line":72,"column":61}},"25":{"start":{"line":74,"column":6},"end":{"line":78,"column":7}},"26":{"start":{"line":75,"column":8},"end":{"line":77,"column":11}},"27":{"start":{"line":81,"column":30},"end":{"line":81,"column":91}},"28":{"start":{"line":83,"column":6},"end":{"line":86,"column":9}},"29":{"start":{"line":89,"column":6},"end":{"line":92,"column":9}},"30":{"start":{"line":96,"column":32},"end":{"line":123,"column":3}},"31":{"start":{"line":97,"column":4},"end":{"line":122,"column":5}},"32":{"start":{"line":98,"column":21},"end":{"line":98,"column":31}},"33":{"start":{"line":101,"column":32},"end":{"line":101,"column":61}},"34":{"start":{"line":103,"column":6},"end":{"line":107,"column":7}},"35":{"start":{"line":104,"column":8},"end":{"line":106,"column":11}},"36":{"start":{"line":110,"column":30},"end":{"line":110,"column":69}},"37":{"start":{"line":112,"column":6},"end":{"line":115,"column":9}},"38":{"start":{"line":118,"column":6},"end":{"line":121,"column":9}}},"fnMap":{"0":{"name":"(anonymous_0)","decl":{"start":{"line":3,"column":30},"end":{"line":3,"column":31}},"loc":{"start":{"line":3,"column":50},"end":{"line":21,"column":1}},"line":3},"1":{"name":"(anonymous_1)","decl":{"start":{"line":23,"column":30},"end":{"line":23,"column":31}},"loc":{"start":{"line":23,"column":50},"end":{"line":39,"column":1}},"line":23},"2":{"name":"(anonymous_2)","decl":{"start":{"line":41,"column":29},"end":{"line":41,"column":30}},"loc":{"start":{"line":41,"column":49},"end":{"line":64,"column":1}},"line":41},"3":{"name":"(anonymous_3)","decl":{"start":{"line":66,"column":33},"end":{"line":66,"column":34}},"loc":{"start":{"line":66,"column":53},"end":{"line":94,"column":1}},"line":66},"4":{"name":"(anonymous_4)","decl":{"start":{"line":96,"column":32},"end":{"line":96,"column":33}},"loc":{"start":{"line":96,"column":52},"end":{"line":123,"column":3}},"line":96}},"branchMap":{"0":{"loc":{"start":{"line":47,"column":6},"end":{"line":51,"column":7}},"type":"if","locations":[{"start":{"line":47,"column":6},"end":{"line":51,"column":7}},{"start":{},"end":{}}],"line":47},"1":{"loc":{"start":{"line":74,"column":6},"end":{"line":78,"column":7}},"type":"if","locations":[{"start":{"line":74,"column":6},"end":{"line":78,"column":7}},{"start":{},"end":{}}],"line":74},"2":{"loc":{"start":{"line":103,"column":6},"end":{"line":107,"column":7}},"type":"if","locations":[{"start":{"line":103,"column":6},"end":{"line":107,"column":7}},{"start":{},"end":{}}],"line":103}},"s":{"0":1,"1":0,"2":0,"3":0,"4":0,"5":0,"6":0,"7":1,"8":2,"9":2,"10":2,"11":0,"12":1,"13":0,"14":0,"15":0,"16":0,"17":0,"18":0,"19":0,"20":1,"21":0,"22":0,"23":0,"24":0,"25":0,"26":0,"27":0,"28":0,"29":0,"30":1,"31":0,"32":0,"33":0,"34":0,"35":0,"36":0,"37":0,"38":0},"f":{"0":0,"1":2,"2":0,"3":0,"4":0},"b":{"0":[0,0],"1":[0,0],"2":[0,0]},"_coverageSchema":"1a1c01bbd47fc00a2c39e90264f33305004495a9","hash":"956b3563bab20d2256e14af75458951418a7ea70"}
,"C:\\Users\\SENA_Aprendiz\\Desktop\\LibniB\\proyecto-SENA-backend\\src\\models\\datos.js": {"path":"C:\\Users\\SENA_Aprendiz\\Desktop\\LibniB\\proyecto-SENA-backend\\src\\models\\datos.js","statementMap":{"0":{"start":{"line":3,"column":19},"end":{"line":30,"column":2}},"1":{"start":{"line":32,"column":21},"end":{"line":32,"column":56}}},"fnMap":{},"branchMap":{},"s":{"0":1,"1":1},"f":{},"b":{},"_coverageSchema":"1a1c01bbd47fc00a2c39e90264f33305004495a9","hash":"fe68acfd27306f5a416fbe58ff534b4147b2efa3"}
,"C:\\Users\\SENA_Aprendiz\\Desktop\\LibniB\\proyecto-SENA-backend\\src\\models\\loteCafe.model.js": {"path":"C:\\Users\\SENA_Aprendiz\\Desktop\\LibniB\\proyecto-SENA-backend\\src\\models\\loteCafe.model.js","statementMap":{"0":{"start":{"line":3,"column":23},"end":{"line":23,"column":2}},"1":{"start":{"line":25,"column":21},"end":{"line":25,"column":60}}},"fnMap":{},"branchMap":{},"s":{"0":1,"1":1},"f":{},"b":{},"_coverageSchema":"1a1c01bbd47fc00a2c39e90264f33305004495a9","hash":"08dfcf6ade0a0407c773033dbb941aa1ca5bd1f0"}
,"C:\\Users\\SENA_Aprendiz\\Desktop\\LibniB\\proyecto-SENA-backend\\src\\models\\maquina.model.js": {"path":"C:\\Users\\SENA_Aprendiz\\Desktop\\LibniB\\proyecto-SENA-backend\\src\\models\\maquina.model.js","statementMap":{"0":{"start":{"line":3,"column":22},"end":{"line":17,"column":2}},"1":{"start":{"line":19,"column":23},"end":{"line":19,"column":63}}},"fnMap":{},"branchMap":{},"s":{"0":1,"1":1},"f":{},"b":{},"_coverageSchema":"1a1c01bbd47fc00a2c39e90264f33305004495a9","hash":"12566e6cc6e8001e7ff05ab17d793cb7eaa70d5d"}
,"C:\\Users\\SENA_Aprendiz\\Desktop\\LibniB\\proyecto-SENA-backend\\src\\models\\seguimiento.model.js": {"path":"C:\\Users\\SENA_Aprendiz\\Desktop\\LibniB\\proyecto-SENA-backend\\src\\models\\seguimiento.model.js","statementMap":{"0":{"start":{"line":3,"column":26},"end":{"line":28,"column":2}},"1":{"start":{"line":30,"column":27},"end":{"line":30,"column":75}}},"fnMap":{},"branchMap":{},"s":{"0":1,"1":1},"f":{},"b":{},"_coverageSchema":"1a1c01bbd47fc00a2c39e90264f33305004495a9","hash":"6d8b231b8506591043f1ab5aaf0e7fdfd3dc0d6a"}
,"C:\\Users\\SENA_Aprendiz\\Desktop\\LibniB\\proyecto-SENA-backend\\src\\models\\storage.model.js": {"path":"C:\\Users\\SENA_Aprendiz\\Desktop\\LibniB\\proyecto-SENA-backend\\src\\models\\storage.model.js","statementMap":{"0":{"start":{"line":3,"column":22},"end":{"line":12,"column":2}},"1":{"start":{"line":14,"column":23},"end":{"line":14,"column":63}}},"fnMap":{},"branchMap":{},"s":{"0":1,"1":1},"f":{},"b":{},"_coverageSchema":"1a1c01bbd47fc00a2c39e90264f33305004495a9","hash":"d5fade0203f9c763268054dc90e1ad902aee8461"}
,"C:\\Users\\SENA_Aprendiz\\Desktop\\LibniB\\proyecto-SENA-backend\\src\\models\\tipoProceso.model.js": {"path":"C:\\Users\\SENA_Aprendiz\\Desktop\\LibniB\\proyecto-SENA-backend\\src\\models\\tipoProceso.model.js","statementMap":{"0":{"start":{"line":3,"column":27},"end":{"line":14,"column":2}},"1":{"start":{"line":16,"column":29},"end":{"line":16,"column":80}}},"fnMap":{},"branchMap":{},"s":{"0":1,"1":1},"f":{},"b":{},"_coverageSchema":"1a1c01bbd47fc00a2c39e90264f33305004495a9","hash":"c8f13a42e88f3a7c845dcb6888640a39217d4a96"}
,"C:\\Users\\SENA_Aprendiz\\Desktop\\LibniB\\proyecto-SENA-backend\\src\\models\\usuarios.model.js": {"path":"C:\\Users\\SENA_Aprendiz\\Desktop\\LibniB\\proyecto-SENA-backend\\src\\models\\usuarios.model.js","statementMap":{"0":{"start":{"line":3,"column":22},"end":{"line":48,"column":2}},"1":{"start":{"line":50,"column":23},"end":{"line":50,"column":63}}},"fnMap":{},"branchMap":{},"s":{"0":1,"1":1},"f":{},"b":{},"_coverageSchema":"1a1c01bbd47fc00a2c39e90264f33305004495a9","hash":"4254e9cbd2ca4f00f8ad15b5e69586fa2990af38"}
,"C:\\Users\\SENA_Aprendiz\\Desktop\\LibniB\\proyecto-SENA-backend\\src\\models\\variedad.model.js": {"path":"C:\\Users\\SENA_Aprendiz\\Desktop\\LibniB\\proyecto-SENA-backend\\src\\models\\variedad.model.js","statementMap":{"0":{"start":{"line":3,"column":23},"end":{"line":8,"column":2}},"1":{"start":{"line":10,"column":26},"end":{"line":10,"column":70}}},"fnMap":{},"branchMap":{},"s":{"0":1,"1":1},"f":{},"b":{},"_coverageSchema":"1a1c01bbd47fc00a2c39e90264f33305004495a9","hash":"42e3ff1b1196fd9b6a7ad34c2c8d7c61b0b84b3f"}
,"C:\\Users\\SENA_Aprendiz\\Desktop\\LibniB\\proyecto-SENA-backend\\src\\router\\auth.router.js": {"path":"C:\\Users\\SENA_Aprendiz\\Desktop\\LibniB\\proyecto-SENA-backend\\src\\router\\auth.router.js","statementMap":{"0":{"start":{"line":2,"column":19},"end":{"line":2,"column":27}},"1":{"start":{"line":5,"column":0},"end":{"line":5,"column":45}},"2":{"start":{"line":7,"column":0},"end":{"line":7,"column":39}},"3":{"start":{"line":9,"column":0},"end":{"line":9,"column":48}},"4":{"start":{"line":11,"column":0},"end":{"line":11,"column":40}}},"fnMap":{},"branchMap":{},"s":{"0":1,"1":1,"2":1,"3":1,"4":1},"f":{},"b":{},"_coverageSchema":"1a1c01bbd47fc00a2c39e90264f33305004495a9","hash":"0f2e64e83da41e4a12c007f6008554e15fff559f"}
,"C:\\Users\\SENA_Aprendiz\\Desktop\\LibniB\\proyecto-SENA-backend\\src\\router\\datos.router.js": {"path":"C:\\Users\\SENA_Aprendiz\\Desktop\\LibniB\\proyecto-SENA-backend\\src\\router\\datos.router.js","statementMap":{"0":{"start":{"line":4,"column":20},"end":{"line":4,"column":28}},"1":{"start":{"line":7,"column":0},"end":{"line":7,"column":40}},"2":{"start":{"line":10,"column":0},"end":{"line":10,"column":39}},"3":{"start":{"line":13,"column":0},"end":{"line":13,"column":44}},"4":{"start":{"line":16,"column":0},"end":{"line":16,"column":44}},"5":{"start":{"line":19,"column":0},"end":{"line":19,"column":46}}},"fnMap":{},"branchMap":{},"s":{"0":1,"1":1,"2":1,"3":1,"4":1,"5":1},"f":{},"b":{},"_coverageSchema":"1a1c01bbd47fc00a2c39e90264f33305004495a9","hash":"a90f475448d55f876174bad8e5934ac93e91d8d9"}
,"C:\\Users\\SENA_Aprendiz\\Desktop\\LibniB\\proyecto-SENA-backend\\src\\router\\loteCafe.router.js": {"path":"C:\\Users\\SENA_Aprendiz\\Desktop\\LibniB\\proyecto-SENA-backend\\src\\router\\loteCafe.router.js","statementMap":{"0":{"start":{"line":4,"column":20},"end":{"line":4,"column":28}},"1":{"start":{"line":6,"column":0},"end":{"line":6,"column":46}},"2":{"start":{"line":8,"column":0},"end":{"line":8,"column":44}},"3":{"start":{"line":10,"column":0},"end":{"line":10,"column":49}},"4":{"start":{"line":12,"column":0},"end":{"line":12,"column":53}},"5":{"start":{"line":14,"column":0},"end":{"line":14,"column":56}}},"fnMap":{},"branchMap":{},"s":{"0":1,"1":1,"2":1,"3":1,"4":1,"5":1},"f":{},"b":{},"_coverageSchema":"1a1c01bbd47fc00a2c39e90264f33305004495a9","hash":"39f4debaea656b9d975f543e896f7a02f17a2488"}
,"C:\\Users\\SENA_Aprendiz\\Desktop\\LibniB\\proyecto-SENA-backend\\src\\router\\maquina.router.js": {"path":"C:\\Users\\SENA_Aprendiz\\Desktop\\LibniB\\proyecto-SENA-backend\\src\\router\\maquina.router.js","statementMap":{"0":{"start":{"line":4,"column":22},"end":{"line":4,"column":30}},"1":{"start":{"line":6,"column":0},"end":{"line":6,"column":47}},"2":{"start":{"line":7,"column":0},"end":{"line":7,"column":47}},"3":{"start":{"line":8,"column":0},"end":{"line":8,"column":51}},"4":{"start":{"line":9,"column":0},"end":{"line":9,"column":54}},"5":{"start":{"line":10,"column":0},"end":{"line":10,"column":57}}},"fnMap":{},"branchMap":{},"s":{"0":1,"1":1,"2":1,"3":1,"4":1,"5":1},"f":{},"b":{},"_coverageSchema":"1a1c01bbd47fc00a2c39e90264f33305004495a9","hash":"ab79316705df4fb38802fd6195c87e65cb753288"}
,"C:\\Users\\SENA_Aprendiz\\Desktop\\LibniB\\proyecto-SENA-backend\\src\\router\\seguimiento.router.js": {"path":"C:\\Users\\SENA_Aprendiz\\Desktop\\LibniB\\proyecto-SENA-backend\\src\\router\\seguimiento.router.js","statementMap":{"0":{"start":{"line":11,"column":26},"end":{"line":11,"column":34}},"1":{"start":{"line":13,"column":0},"end":{"line":13,"column":58}},"2":{"start":{"line":15,"column":0},"end":{"line":15,"column":58}},"3":{"start":{"line":17,"column":0},"end":{"line":17,"column":63}},"4":{"start":{"line":19,"column":0},"end":{"line":19,"column":85}},"5":{"start":{"line":21,"column":0},"end":{"line":21,"column":66}},"6":{"start":{"line":23,"column":0},"end":{"line":23,"column":65}}},"fnMap":{},"branchMap":{},"s":{"0":1,"1":1,"2":1,"3":1,"4":1,"5":1,"6":1},"f":{},"b":{},"_coverageSchema":"1a1c01bbd47fc00a2c39e90264f33305004495a9","hash":"1fe3bf16f0a9a1fd33ae959c513fa3a33975298a"}
,"C:\\Users\\SENA_Aprendiz\\Desktop\\LibniB\\proyecto-SENA-backend\\src\\router\\storage.router.js": {"path":"C:\\Users\\SENA_Aprendiz\\Desktop\\LibniB\\proyecto-SENA-backend\\src\\router\\storage.router.js","statementMap":{"0":{"start":{"line":4,"column":22},"end":{"line":4,"column":38}},"1":{"start":{"line":7,"column":0},"end":{"line":7,"column":80}}},"fnMap":{},"branchMap":{},"s":{"0":1,"1":1},"f":{},"b":{},"_coverageSchema":"1a1c01bbd47fc00a2c39e90264f33305004495a9","hash":"4f1a9e582fb3fc281029ad45883b0c631fe9944d"}
,"C:\\Users\\SENA_Aprendiz\\Desktop\\LibniB\\proyecto-SENA-backend\\src\\router\\tipoProceso.router.js": {"path":"C:\\Users\\SENA_Aprendiz\\Desktop\\LibniB\\proyecto-SENA-backend\\src\\router\\tipoProceso.router.js","statementMap":{"0":{"start":{"line":3,"column":26},"end":{"line":3,"column":34}},"1":{"start":{"line":7,"column":0},"end":{"line":7,"column":58}},"2":{"start":{"line":10,"column":0},"end":{"line":10,"column":57}},"3":{"start":{"line":13,"column":0},"end":{"line":13,"column":62}},"4":{"start":{"line":16,"column":0},"end":{"line":16,"column":66}},"5":{"start":{"line":19,"column":0},"end":{"line":19,"column":66}}},"fnMap":{},"branchMap":{},"s":{"0":1,"1":1,"2":1,"3":1,"4":1,"5":1},"f":{},"b":{},"_coverageSchema":"1a1c01bbd47fc00a2c39e90264f33305004495a9","hash":"bc089625defa0f342899bbbc67d16099976853c0"}
,"C:\\Users\\SENA_Aprendiz\\Desktop\\LibniB\\proyecto-SENA-backend\\src\\router\\usuarios.router.js": {"path":"C:\\Users\\SENA_Aprendiz\\Desktop\\LibniB\\proyecto-SENA-backend\\src\\router\\usuarios.router.js","statementMap":{"0":{"start":{"line":5,"column":19},"end":{"line":5,"column":27}},"1":{"start":{"line":8,"column":0},"end":{"line":8,"column":45}},"2":{"start":{"line":11,"column":0},"end":{"line":11,"column":47}},"3":{"start":{"line":14,"column":0},"end":{"line":14,"column":83}},"4":{"start":{"line":17,"column":0},"end":{"line":17,"column":49}}},"fnMap":{},"branchMap":{},"s":{"0":1,"1":1,"2":1,"3":1,"4":1},"f":{},"b":{},"_coverageSchema":"1a1c01bbd47fc00a2c39e90264f33305004495a9","hash":"c503847cd8cb3ceafc8feaa470197705121976f5"}
,"C:\\Users\\SENA_Aprendiz\\Desktop\\LibniB\\proyecto-SENA-backend\\src\\router\\variedad.router.js": {"path":"C:\\Users\\SENA_Aprendiz\\Desktop\\LibniB\\proyecto-SENA-backend\\src\\router\\variedad.router.js","statementMap":{"0":{"start":{"line":4,"column":25},"end":{"line":4,"column":33}},"1":{"start":{"line":6,"column":0},"end":{"line":6,"column":49}},"2":{"start":{"line":9,"column":0},"end":{"line":9,"column":50}},"3":{"start":{"line":12,"column":0},"end":{"line":12,"column":53}},"4":{"start":{"line":15,"column":0},"end":{"line":15,"column":55}},"5":{"start":{"line":18,"column":0},"end":{"line":18,"column":58}}},"fnMap":{},"branchMap":{},"s":{"0":1,"1":1,"2":1,"3":1,"4":1,"5":1},"f":{},"b":{},"_coverageSchema":"1a1c01bbd47fc00a2c39e90264f33305004495a9","hash":"cd8fd8f27f0c8acfd2e6d2e1b38bd5664a6eee27"}
,"C:\\Users\\SENA_Aprendiz\\Desktop\\LibniB\\proyecto-SENA-backend\\src\\utils\\handleStorage.js": {"path":"C:\\Users\\SENA_Aprendiz\\Desktop\\LibniB\\proyecto-SENA-backend\\src\\utils\\handleStorage.js","statementMap":{"0":{"start":{"line":5,"column":19},"end":{"line":5,"column":49}},"1":{"start":{"line":6,"column":18},"end":{"line":6,"column":42}},"2":{"start":{"line":8,"column":16},"end":{"line":23,"column":2}},"3":{"start":{"line":12,"column":28},"end":{"line":12,"column":69}},"4":{"start":{"line":13,"column":8},"end":{"line":13,"column":30}},"5":{"start":{"line":18,"column":24},"end":{"line":18,"column":58}},"6":{"start":{"line":19,"column":25},"end":{"line":19,"column":64}},"7":{"start":{"line":20,"column":8},"end":{"line":20,"column":26}},"8":{"start":{"line":25,"column":25},"end":{"line":25,"column":42}}},"fnMap":{"0":{"name":"(anonymous_0)","decl":{"start":{"line":11,"column":16},"end":{"line":11,"column":17}},"loc":{"start":{"line":11,"column":41},"end":{"line":14,"column":5}},"line":11},"1":{"name":"(anonymous_1)","decl":{"start":{"line":17,"column":14},"end":{"line":17,"column":15}},"loc":{"start":{"line":17,"column":39},"end":{"line":22,"column":5}},"line":17}},"branchMap":{},"s":{"0":1,"1":1,"2":1,"3":0,"4":0,"5":0,"6":0,"7":0,"8":1},"f":{"0":0,"1":0},"b":{},"_coverageSchema":"1a1c01bbd47fc00a2c39e90264f33305004495a9","hash":"ca3cb074dcc6597c33e97b831fb1bc933524d9fe"}
,"C:\\Users\\SENA_Aprendiz\\Desktop\\LibniB\\proyecto-SENA-backend\\src\\utils\\jwt.js": {"path":"C:\\Users\\SENA_Aprendiz\\Desktop\\LibniB\\proyecto-SENA-backend\\src\\utils\\jwt.js","statementMap":{"0":{"start":{"line":3,"column":0},"end":{"line":3,"column":9}},"1":{"start":{"line":4,"column":21},"end":{"line":4,"column":45}},"2":{"start":{"line":8,"column":4},"end":{"line":18,"column":6}},"3":{"start":{"line":9,"column":8},"end":{"line":17,"column":9}},"4":{"start":{"line":14,"column":16},"end":{"line":14,"column":36}},"5":{"start":{"line":14,"column":25},"end":{"line":14,"column":36}},"6":{"start":{"line":15,"column":16},"end":{"line":15,"column":30}}},"fnMap":{"0":{"name":"createAccesToken","decl":{"start":{"line":6,"column":16},"end":{"line":6,"column":32}},"loc":{"start":{"line":6,"column":41},"end":{"line":20,"column":1}},"line":6},"1":{"name":"(anonymous_1)","decl":{"start":{"line":8,"column":23},"end":{"line":8,"column":24}},"loc":{"start":{"line":8,"column":41},"end":{"line":18,"column":5}},"line":8},"2":{"name":"(anonymous_2)","decl":{"start":{"line":13,"column":12},"end":{"line":13,"column":13}},"loc":{"start":{"line":13,"column":25},"end":{"line":16,"column":13}},"line":13}},"branchMap":{"0":{"loc":{"start":{"line":14,"column":16},"end":{"line":14,"column":36}},"type":"if","locations":[{"start":{"line":14,"column":16},"end":{"line":14,"column":36}},{"start":{},"end":{}}],"line":14}},"s":{"0":1,"1":1,"2":0,"3":0,"4":0,"5":0,"6":0},"f":{"0":0,"1":0,"2":0},"b":{"0":[0,0]},"_coverageSchema":"1a1c01bbd47fc00a2c39e90264f33305004495a9","hash":"a5cb63adc48ccd0506b55eb3e754ab9f1de713b9"}
}
