{"C:\\Users\\SENA_Aprendiz\\Desktop\\LibniB\\proyecto-SENA-backend\\src\\utils\\for_testing.js": {"path":"C:\\Users\\SENA_Aprendiz\\Desktop\\LibniB\\proyecto-SENA-backend\\src\\utils\\for_testing.js","statementMap":{"0":{"start":{"line":1,"column":19},"end":{"line":6,"column":1}},"1":{"start":{"line":2,"column":4},"end":{"line":5,"column":13}},"2":{"start":{"line":8,"column":0},"end":{"line":10,"column":1}}},"fnMap":{"0":{"name":"(anonymous_0)","decl":{"start":{"line":1,"column":19},"end":{"line":1,"column":20}},"loc":{"start":{"line":1,"column":31},"end":{"line":6,"column":1}},"line":1}},"branchMap":{},"s":{"0":1,"1":1,"2":1},"f":{"0":1},"b":{},"_coverageSchema":"1a1c01bbd47fc00a2c39e90264f33305004495a9","hash":"79eb4f242e458196b0cb09ce70627be60717c7a2"}
}
