TN:
SF:src/index.js
FN:57,(anonymous_0)
FNF:1
FNH:1
FNDA:1,(anonymous_0)
DA:10,1
DA:11,1
DA:12,1
DA:28,1
DA:30,1
DA:31,1
DA:38,1
DA:41,1
DA:42,1
DA:43,1
DA:44,1
DA:45,1
DA:46,1
DA:47,1
DA:48,1
DA:49,1
DA:52,1
DA:53,1
DA:54,1
DA:57,1
DA:58,1
LF:21
LH:21
BRDA:28,0,0,1
BRDA:28,0,1,0
BRF:2
BRH:1
end_of_record
TN:
SF:src/DB/mongoDB.js
FN:4,(anonymous_0)
FNF:1
FNH:1
FNDA:1,(anonymous_0)
DA:4,1
DA:5,1
DA:6,1
DA:7,1
DA:10,0
LF:5
LH:4
BRF:0
BRH:0
end_of_record
TN:
SF:src/controller/auth.controller.js
FN:10,(anonymous_0)
FN:11,(anonymous_1)
FN:79,(anonymous_2)
FN:122,(anonymous_3)
FN:130,(anonymous_4)
FN:149,(anonymous_5)
FNF:6
FNH:0
FNDA:0,(anonymous_0)
FNDA:0,(anonymous_1)
FNDA:0,(anonymous_2)
FNDA:0,(anonymous_3)
FNDA:0,(anonymous_4)
FNDA:0,(anonymous_5)
DA:8,1
DA:10,1
DA:11,0
DA:12,0
DA:15,0
DA:16,0
DA:17,0
DA:18,0
DA:20,0
DA:21,0
DA:22,0
DA:25,0
DA:26,0
DA:31,0
DA:32,0
DA:33,0
DA:35,0
DA:37,0
DA:42,0
DA:43,0
DA:46,0
DA:51,0
DA:53,0
DA:54,0
DA:56,0
DA:58,0
DA:71,0
DA:79,1
DA:81,0
DA:83,0
DA:84,0
DA:85,0
DA:87,0
DA:88,0
DA:90,0
DA:103,0
DA:105,0
DA:110,0
DA:114,0
DA:122,1
DA:124,0
DA:126,0
DA:128,0
DA:130,0
DA:131,0
DA:133,0
DA:134,0
DA:136,0
DA:141,0
DA:149,1
DA:151,0
DA:153,0
DA:156,0
DA:159,0
LF:54
LH:5
BRDA:20,0,0,0
BRDA:20,0,1,0
BRDA:21,1,0,0
BRDA:21,1,1,0
BRDA:22,2,0,0
BRDA:22,2,1,0
BRDA:25,3,0,0
BRDA:25,3,1,0
BRDA:32,4,0,0
BRDA:32,4,1,0
BRDA:85,5,0,0
BRDA:85,5,1,0
BRDA:88,6,0,0
BRDA:88,6,1,0
BRDA:128,7,0,0
BRDA:128,7,1,0
BRDA:131,8,0,0
BRDA:131,8,1,0
BRDA:134,9,0,0
BRDA:134,9,1,0
BRF:20
BRH:0
end_of_record
TN:
SF:src/controller/datos.controller.js
FN:3,(anonymous_0)
FN:30,(anonymous_1)
FN:39,(anonymous_2)
FN:48,(anonymous_3)
FN:52,(anonymous_4)
FN:53,(anonymous_5)
FN:56,(anonymous_6)
FN:60,(anonymous_7)
FN:61,(anonymous_8)
FNF:9
FNH:0
FNDA:0,(anonymous_0)
FNDA:0,(anonymous_1)
FNDA:0,(anonymous_2)
FNDA:0,(anonymous_3)
FNDA:0,(anonymous_4)
FNDA:0,(anonymous_5)
FNDA:0,(anonymous_6)
FNDA:0,(anonymous_7)
FNDA:0,(anonymous_8)
DA:3,1
DA:12,0
DA:13,0
DA:14,0
DA:23,0
DA:24,0
DA:26,0
DA:30,1
DA:31,0
DA:32,0
DA:33,0
DA:35,0
DA:39,1
DA:40,0
DA:41,0
DA:42,0
DA:44,0
DA:48,1
DA:49,0
DA:50,0
DA:52,0
DA:53,0
DA:56,1
DA:57,0
DA:58,0
DA:60,0
DA:61,0
LF:27
LH:5
BRF:0
BRH:0
end_of_record
TN:
SF:src/controller/loteCafe.controller.js
FN:6,(anonymous_0)
FN:32,(anonymous_1)
FN:53,(anonymous_2)
FN:79,(anonymous_3)
FN:117,(anonymous_4)
FNF:5
FNH:0
FNDA:0,(anonymous_0)
FNDA:0,(anonymous_1)
FNDA:0,(anonymous_2)
FNDA:0,(anonymous_3)
FNDA:0,(anonymous_4)
DA:6,1
DA:7,0
DA:9,0
DA:11,0
DA:12,0
DA:13,0
DA:15,0
DA:16,0
DA:17,0
DA:19,0
DA:21,0
DA:22,0
DA:25,0
DA:32,1
DA:33,0
DA:35,0
DA:43,0
DA:46,0
DA:53,1
DA:55,0
DA:57,0
DA:59,0
DA:67,0
DA:69,0
DA:72,0
DA:79,1
DA:81,0
DA:82,0
DA:84,0
DA:86,0
DA:87,0
DA:89,0
DA:90,0
DA:91,0
DA:93,0
DA:94,0
DA:95,0
DA:97,0
DA:99,0
DA:107,0
DA:110,0
DA:117,1
DA:118,0
DA:120,0
DA:122,0
DA:123,0
DA:125,0
DA:132,0
DA:135,0
LF:49
LH:5
BRDA:15,0,0,0
BRDA:15,0,1,0
BRDA:16,1,0,0
BRDA:16,1,1,0
BRDA:17,2,0,0
BRDA:17,2,1,0
BRDA:19,3,0,0
BRDA:19,3,1,0
BRDA:67,4,0,0
BRDA:67,4,1,0
BRDA:87,5,0,0
BRDA:87,5,1,0
BRDA:93,6,0,0
BRDA:93,6,1,0
BRDA:94,7,0,0
BRDA:94,7,1,0
BRDA:95,8,0,0
BRDA:95,8,1,0
BRDA:97,9,0,0
BRDA:97,9,1,0
BRDA:123,10,0,0
BRDA:123,10,1,0
BRF:22
BRH:0
end_of_record
TN:
SF:src/controller/maquina.controller.js
FN:3,(anonymous_0)
FN:27,(anonymous_1)
FN:44,(anonymous_2)
FN:66,(anonymous_3)
FN:90,(anonymous_4)
FNF:5
FNH:0
FNDA:0,(anonymous_0)
FNDA:0,(anonymous_1)
FNDA:0,(anonymous_2)
FNDA:0,(anonymous_3)
FNDA:0,(anonymous_4)
DA:3,1
DA:5,0
DA:7,0
DA:9,0
DA:15,0
DA:17,0
DA:20,0
DA:27,1
DA:28,0
DA:30,0
DA:31,0
DA:37,0
DA:44,1
DA:46,0
DA:48,0
DA:50,0
DA:51,0
DA:53,0
DA:54,0
DA:60,0
DA:66,1
DA:67,0
DA:68,0
DA:70,0
DA:72,0
DA:73,0
DA:75,0
DA:77,0
DA:83,0
DA:90,1
DA:92,0
DA:94,0
DA:96,0
DA:97,0
DA:99,0
DA:100,0
DA:103,0
LF:37
LH:5
BRDA:10,0,0,0
BRDA:10,0,1,0
BRDA:51,1,0,0
BRDA:51,1,1,0
BRDA:73,2,0,0
BRDA:73,2,1,0
BRDA:97,3,0,0
BRDA:97,3,1,0
BRF:8
BRH:0
end_of_record
TN:
SF:src/controller/seguimiento.controller.js
FN:6,(anonymous_0)
FN:36,(anonymous_1)
FN:57,(anonymous_2)
FN:80,(anonymous_3)
FN:110,(anonymous_4)
FN:133,(anonymous_5)
FNF:6
FNH:0
FNDA:0,(anonymous_0)
FNDA:0,(anonymous_1)
FNDA:0,(anonymous_2)
FNDA:0,(anonymous_3)
FNDA:0,(anonymous_4)
FNDA:0,(anonymous_5)
DA:6,1
DA:8,0
DA:10,0
DA:11,0
DA:12,0
DA:13,0
DA:15,0
DA:16,0
DA:17,0
DA:19,0
DA:21,0
DA:23,0
DA:25,0
DA:26,0
DA:29,0
DA:36,1
DA:37,0
DA:39,0
DA:47,0
DA:50,0
DA:57,1
DA:59,0
DA:61,0
DA:63,0
DA:71,0
DA:73,0
DA:76,0
DA:80,1
DA:82,0
DA:83,0
DA:85,0
DA:87,0
DA:88,0
DA:90,0
DA:91,0
DA:92,0
DA:94,0
DA:95,0
DA:96,0
DA:98,0
DA:100,0
DA:103,0
DA:110,1
DA:112,0
DA:114,0
DA:116,0
DA:117,0
DA:119,0
DA:120,0
DA:122,0
DA:125,0
DA:133,1
DA:135,0
DA:137,0
DA:139,0
DA:140,0
DA:142,0
DA:169,0
DA:171,0
DA:173,0
DA:179,0
DA:180,0
LF:62
LH:6
BRDA:15,0,0,0
BRDA:15,0,1,0
BRDA:16,1,0,0
BRDA:16,1,1,0
BRDA:17,2,0,0
BRDA:17,2,1,0
BRDA:19,3,0,0
BRDA:19,3,1,0
BRDA:19,4,0,0
BRDA:19,4,1,0
BRDA:21,5,0,0
BRDA:21,5,1,0
BRDA:71,6,0,0
BRDA:71,6,1,0
BRDA:88,7,0,0
BRDA:88,7,1,0
BRDA:94,8,0,0
BRDA:94,8,1,0
BRDA:95,9,0,0
BRDA:95,9,1,0
BRDA:96,10,0,0
BRDA:96,10,1,0
BRDA:117,11,0,0
BRDA:117,11,1,0
BRDA:140,12,0,0
BRDA:140,12,1,0
BRDA:169,13,0,0
BRDA:169,13,1,0
BRF:28
BRH:0
end_of_record
TN:
SF:src/controller/storage.js
FN:6,(anonymous_0)
FNF:1
FNH:0
FNDA:0,(anonymous_0)
DA:2,1
DA:6,1
DA:7,0
DA:10,0
DA:11,0
DA:14,0
DA:19,0
DA:20,0
DA:21,0
DA:23,0
LF:10
LH:2
BRDA:10,0,0,0
BRDA:10,0,1,0
BRF:2
BRH:0
end_of_record
TN:
SF:src/controller/tipoProceso.controller.js
FN:3,(anonymous_0)
FN:23,(anonymous_1)
FN:41,(anonymous_2)
FN:66,(anonymous_3)
FN:96,(anonymous_4)
FNF:5
FNH:0
FNDA:0,(anonymous_0)
FNDA:0,(anonymous_1)
FNDA:0,(anonymous_2)
FNDA:0,(anonymous_3)
FNDA:0,(anonymous_4)
DA:3,1
DA:5,0
DA:7,0
DA:8,0
DA:10,0
DA:16,0
DA:23,1
DA:25,0
DA:26,0
DA:28,0
DA:34,0
DA:41,1
DA:42,0
DA:43,0
DA:44,0
DA:47,0
DA:48,0
DA:53,0
DA:59,0
DA:66,1
DA:67,0
DA:68,0
DA:69,0
DA:72,0
DA:74,0
DA:75,0
DA:81,0
DA:83,0
DA:89,0
DA:96,1
DA:97,0
DA:98,0
DA:101,0
DA:103,0
DA:104,0
DA:110,0
DA:112,0
DA:118,0
LF:38
LH:5
BRDA:47,0,0,0
BRDA:47,0,1,0
BRDA:74,1,0,0
BRDA:74,1,1,0
BRDA:103,2,0,0
BRDA:103,2,1,0
BRF:6
BRH:0
end_of_record
TN:
SF:src/controller/usuarios.controller.js
FN:9,(anonymous_0)
FN:29,(anonymous_1)
FN:46,(anonymous_2)
FN:65,(anonymous_3)
FN:96,(anonymous_4)
FNF:5
FNH:0
FNDA:0,(anonymous_0)
FNDA:0,(anonymous_1)
FNDA:0,(anonymous_2)
FNDA:0,(anonymous_3)
FNDA:0,(anonymous_4)
DA:7,1
DA:9,1
DA:11,0
DA:13,0
DA:15,0
DA:21,0
DA:29,1
DA:30,0
DA:31,0
DA:33,0
DA:35,0
DA:36,0
DA:39,0
DA:42,0
DA:46,1
DA:47,0
DA:48,0
DA:50,0
DA:52,0
DA:54,0
DA:56,0
DA:57,0
DA:60,0
DA:63,0
DA:64,0
DA:65,0
DA:66,0
DA:67,0
DA:72,0
DA:76,0
DA:81,0
DA:82,0
DA:88,0
DA:90,0
DA:92,0
DA:96,1
DA:97,0
DA:98,0
DA:99,0
DA:101,0
DA:102,0
DA:105,0
DA:107,0
LF:43
LH:5
BRDA:35,0,0,0
BRDA:35,0,1,0
BRDA:56,1,0,0
BRDA:56,1,1,0
BRDA:60,2,0,0
BRDA:60,2,1,0
BRDA:63,3,0,0
BRDA:63,3,1,0
BRDA:66,4,0,0
BRDA:66,4,1,0
BRDA:101,5,0,0
BRDA:101,5,1,0
BRF:12
BRH:0
end_of_record
TN:
SF:src/controller/variedad.controller.js
FN:3,(anonymous_0)
FN:22,(anonymous_1)
FN:40,(anonymous_2)
FN:65,(anonymous_3)
FN:95,(anonymous_4)
FNF:5
FNH:1
FNDA:0,(anonymous_0)
FNDA:1,(anonymous_1)
FNDA:0,(anonymous_2)
FNDA:0,(anonymous_3)
FNDA:0,(anonymous_4)
DA:3,1
DA:4,0
DA:6,0
DA:7,0
DA:9,0
DA:15,0
DA:22,1
DA:24,1
DA:25,1
DA:27,1
DA:33,0
DA:40,1
DA:41,0
DA:42,0
DA:43,0
DA:46,0
DA:47,0
DA:52,0
DA:58,0
DA:65,1
DA:66,0
DA:67,0
DA:68,0
DA:71,0
DA:73,0
DA:74,0
DA:80,0
DA:82,0
DA:88,0
DA:95,1
DA:96,0
DA:97,0
DA:100,0
DA:102,0
DA:103,0
DA:109,0
DA:111,0
DA:117,0
LF:38
LH:8
BRDA:46,0,0,0
BRDA:46,0,1,0
BRDA:73,1,0,0
BRDA:73,1,1,0
BRDA:102,2,0,0
BRDA:102,2,1,0
BRF:6
BRH:0
end_of_record
TN:
SF:src/models/datos.js
FNF:0
FNH:0
DA:3,1
DA:32,1
LF:2
LH:2
BRF:0
BRH:0
end_of_record
TN:
SF:src/models/loteCafe.model.js
FNF:0
FNH:0
DA:3,1
DA:25,1
LF:2
LH:2
BRF:0
BRH:0
end_of_record
TN:
SF:src/models/maquina.model.js
FNF:0
FNH:0
DA:3,1
DA:19,1
LF:2
LH:2
BRF:0
BRH:0
end_of_record
TN:
SF:src/models/seguimiento.model.js
FNF:0
FNH:0
DA:3,1
DA:30,1
LF:2
LH:2
BRF:0
BRH:0
end_of_record
TN:
SF:src/models/storage.model.js
FNF:0
FNH:0
DA:3,1
DA:14,1
LF:2
LH:2
BRF:0
BRH:0
end_of_record
TN:
SF:src/models/tipoProceso.model.js
FNF:0
FNH:0
DA:3,1
DA:16,1
LF:2
LH:2
BRF:0
BRH:0
end_of_record
TN:
SF:src/models/usuarios.model.js
FNF:0
FNH:0
DA:3,1
DA:50,1
LF:2
LH:2
BRF:0
BRH:0
end_of_record
TN:
SF:src/models/variedad.model.js
FNF:0
FNH:0
DA:3,1
DA:10,1
LF:2
LH:2
BRF:0
BRH:0
end_of_record
TN:
SF:src/router/auth.router.js
FNF:0
FNH:0
DA:2,1
DA:5,1
DA:7,1
DA:9,1
DA:11,1
LF:5
LH:5
BRF:0
BRH:0
end_of_record
TN:
SF:src/router/datos.router.js
FNF:0
FNH:0
DA:4,1
DA:7,1
DA:10,1
DA:13,1
DA:16,1
DA:19,1
LF:6
LH:6
BRF:0
BRH:0
end_of_record
TN:
SF:src/router/loteCafe.router.js
FNF:0
FNH:0
DA:4,1
DA:6,1
DA:8,1
DA:10,1
DA:12,1
DA:14,1
LF:6
LH:6
BRF:0
BRH:0
end_of_record
TN:
SF:src/router/maquina.router.js
FNF:0
FNH:0
DA:4,1
DA:6,1
DA:7,1
DA:8,1
DA:9,1
DA:10,1
LF:6
LH:6
BRF:0
BRH:0
end_of_record
TN:
SF:src/router/seguimiento.router.js
FNF:0
FNH:0
DA:11,1
DA:13,1
DA:15,1
DA:17,1
DA:19,1
DA:21,1
DA:23,1
LF:7
LH:7
BRF:0
BRH:0
end_of_record
TN:
SF:src/router/storage.router.js
FNF:0
FNH:0
DA:4,1
DA:7,1
LF:2
LH:2
BRF:0
BRH:0
end_of_record
TN:
SF:src/router/tipoProceso.router.js
FNF:0
FNH:0
DA:3,1
DA:7,1
DA:10,1
DA:13,1
DA:16,1
DA:19,1
LF:6
LH:6
BRF:0
BRH:0
end_of_record
TN:
SF:src/router/usuarios.router.js
FNF:0
FNH:0
DA:5,1
DA:8,1
DA:11,1
DA:14,1
DA:17,1
LF:5
LH:5
BRF:0
BRH:0
end_of_record
TN:
SF:src/router/variedad.router.js
FNF:0
FNH:0
DA:4,1
DA:6,1
DA:9,1
DA:12,1
DA:15,1
DA:18,1
LF:6
LH:6
BRF:0
BRH:0
end_of_record
TN:
SF:src/utils/handleStorage.js
FN:11,(anonymous_0)
FN:17,(anonymous_1)
FNF:2
FNH:0
FNDA:0,(anonymous_0)
FNDA:0,(anonymous_1)
DA:5,1
DA:6,1
DA:8,1
DA:12,0
DA:13,0
DA:18,0
DA:19,0
DA:20,0
DA:25,1
LF:9
LH:4
BRF:0
BRH:0
end_of_record
TN:
SF:src/utils/jwt.js
FN:6,createAccesToken
FN:8,(anonymous_1)
FN:13,(anonymous_2)
FNF:3
FNH:0
FNDA:0,createAccesToken
FNDA:0,(anonymous_1)
FNDA:0,(anonymous_2)
DA:3,1
DA:4,1
DA:8,0
DA:9,0
DA:14,0
DA:15,0
LF:6
LH:2
BRDA:14,0,0,0
BRDA:14,0,1,0
BRF:2
BRH:0
end_of_record
